0001_0051_0023_0034_0034.jpg 1 51 23 34 34
0002_0035_0036_0056_0056.jpg 1 35 36 56 56
0003_0039_0024_0030_0030.jpg 1 39 24 30 30
0004_0038_0014_0046_0046.jpg 1 38 14 46 46
0005_0008_0015_0040_0040.jpg 1 8 15 40 40
0006_0007_0025_0042_0042.jpg 1 7 25 42 42
0007_0053_0050_0035_0035.jpg 1 53 50 35 35
0008_0023_0058_0030_0030.jpg 1 23 58 30 30
0009_0024_0015_0059_0059.jpg 1 24 15 59 59
0010_0030_0056_0031_0031.jpg 1 30 56 31 31
0011_0038_0038_0036_0036.jpg 1 38 38 36 36
0012_0026_0052_0039_0039.jpg 1 26 52 39 39
0013_0029_0028_0035_0035.jpg 1 29 28 35 35
0014_0024_0023_0067_0067.jpg 1 24 23 67 67
0015_0024_0050_0041_0041.jpg 1 24 50 41 41
0016_0028_0014_0058_0058.jpg 1 28 14 58 58
0017_0026_0010_0030_0030.jpg 1 26 10 30 30
0018_0020_0018_0053_0053.jpg 1 20 18 53 53
0019_0021_0049_0025_0025.jpg 1 21 49 25 25
0020_0048_0036_0038_0038.jpg 1 48 36 38 38
0021_0014_0017_0058_0058.jpg 1 14 17 58 58
0022_0023_0029_0064_0064.jpg 1 23 29 64 64
0023_0020_0020_0066_0066.jpg 1 20 20 66 66
0024_0054_0042_0037_0037.jpg 1 54 42 37 37
0025_0023_0014_0065_0065.jpg 1 23 14 65 65
0026_0007_0043_0050_0050.jpg 1 7 43 50 50
0027_0019_0024_0038_0038.jpg 1 19 24 38 38
0028_0042_0008_0050_0050.jpg 1 42 8 50 50
0029_0027_0027_0056_0056.jpg 1 27 27 56 56
0030_0012_0027_0041_0041.jpg 1 12 27 41 41
0031_0033_0012_0048_0048.jpg 1 33 12 48 48
0032_0019_0013_0056_0056.jpg 1 19 13 56 56
0033_0024_0031_0064_0064.jpg 1 24 31 64 64
0034_0034_0031_0042_0042.jpg 1 34 31 42 42
0035_0006_0005_0068_0068.jpg 1 6 5 68 68
0036_0047_0015_0035_0035.jpg 1 47 15 35 35
0037_0045_0054_0036_0036.jpg 1 45 54 36 36
0038_0028_0021_0052_0052.jpg 1 28 21 52 52
0039_0018_0017_0060_0060.jpg 1 18 17 60 60
0040_0041_0009_0050_0050.jpg 1 41 9 50 50
0041_0040_0036_0030_0030.jpg 1 40 36 30 30
0042_0014_0009_0053_0053.jpg 1 14 9 53 53
0043_0030_0036_0050_0050.jpg 1 30 36 50 50
0044_0007_0027_0030_0030.jpg 1 7 27 30 30
0045_0013_0028_0049_0049.jpg 1 13 28 49 49
0046_0034_0036_0039_0039.jpg 1 34 36 39 39
0047_0009_0019_0038_0038.jpg 1 9 19 38 38
0048_0027_0014_0066_0066.jpg 1 27 14 66 66
0049_0030_0008_0034_0034.jpg 1 30 8 34 34
0050_0027_0049_0024_0024.jpg 1 27 49 24 24
0051_0039_0018_0051_0051.jpg 1 39 18 51 51
0052_0021_0012_0042_0042.jpg 1 21 12 42 42
0053_0046_0015_0039_0039.jpg 1 46 15 39 39
0054_0005_0013_0062_0062.jpg 1 5 13 62 62
0055_0044_0008_0027_0027.jpg 1 44 8 27 27
0056_0019_0067_0025_0025.jpg 1 19 67 25 25
0057_0017_0027_0046_0046.jpg 1 17 27 46 46
0058_0053_0016_0024_0024.jpg 1 53 16 24 24
0059_0044_0009_0051_0051.jpg 1 44 9 51 51
0060_0013_0042_0041_0041.jpg 1 13 42 41 41
0061_0017_0007_0062_0062.jpg 1 17 7 62 62
0062_0025_0035_0031_0031.jpg 1 25 35 31 31
0063_0015_0037_0035_0035.jpg 1 15 37 35 35
0064_0022_0015_0064_0064.jpg 1 22 15 64 64
0065_0009_0009_0069_0069.jpg 1 9 9 69 69
0066_0027_0005_0058_0058.jpg 1 27 5 58 58
0067_0015_0024_0068_0068.jpg 1 15 24 68 68
0068_0008_0023_0055_0055.jpg 1 8 23 55 55
0069_0042_0030_0027_0027.jpg 1 42 30 27 27
0070_0029_0020_0061_0061.jpg 1 29 20 61 61
0071_0013_0023_0050_0050.jpg 1 13 23 50 50
0072_0039_0024_0047_0047.jpg 1 39 24 47 47
0073_0011_0004_0062_0062.jpg 1 11 4 62 62
0074_0009_0012_0038_0038.jpg 1 9 12 38 38
0075_0014_0029_0049_0049.jpg 1 14 29 49 49
0076_0014_0003_0067_0067.jpg 1 14 3 67 67
0077_0048_0055_0035_0035.jpg 1 48 55 35 35
0078_0014_0045_0043_0043.jpg 1 14 45 43 43
0079_0011_0022_0045_0045.jpg 1 11 22 45 45
0080_0017_0032_0061_0061.jpg 1 17 32 61 61
0081_0028_0021_0058_0058.jpg 1 28 21 58 58
0082_0010_0034_0034_0034.jpg 1 10 34 34 34
0083_0032_0023_0061_0061.jpg 1 32 23 61 61
0084_0012_0051_0026_0026.jpg 1 12 51 26 26
0085_0010_0020_0063_0063.jpg 1 10 20 63 63
0086_0041_0058_0033_0033.jpg 1 41 58 33 33
0087_0012_0055_0026_0026.jpg 1 12 55 26 26
0088_0006_0006_0062_0062.jpg 1 6 6 62 62
0089_0028_0021_0062_0062.jpg 1 28 21 62 62
0090_0051_0049_0040_0040.jpg 1 51 49 40 40
0091_0031_0033_0049_0049.jpg 1 31 33 49 49
0092_0013_0023_0068_0068.jpg 1 13 23 68 68
0093_0008_0016_0066_0066.jpg 1 8 16 66 66
0094_0014_0010_0054_0054.jpg 1 14 10 54 54
0095_0025_0063_0024_0024.jpg 1 25 63 24 24
0096_0055_0051_0035_0035.jpg 1 55 51 35 35
0097_0009_0037_0056_0056.jpg 1 9 37 56 56
0098_0009_0047_0037_0037.jpg 1 9 47 37 37
0099_0019_0015_0067_0067.jpg 1 19 15 67 67
0100_0057_0010_0024_0024.jpg 1 57 10 24 24
0101_0044_0037_0024_0024.jpg 1 44 37 24 24
0102_0021_0007_0064_0064.jpg 1 21 7 64 64
0103_0018_0023_0027_0027.jpg 1 18 23 27 27
0104_0022_0009_0050_0050.jpg 1 22 9 50 50
0105_0009_0027_0027_0027.jpg 1 9 27 27 27
0106_0032_0008_0029_0029.jpg 1 32 8 29 29
0107_0018_0028_0061_0061.jpg 1 18 28 61 61
0108_0010_0003_0063_0063.jpg 1 10 3 63 63
0109_0007_0025_0039_0039.jpg 1 7 25 39 39
0110_0016_0017_0048_0048.jpg 1 16 17 48 48
0111_0009_0018_0065_0065.jpg 1 9 18 65 65
0112_0030_0036_0028_0028.jpg 1 30 36 28 28
0113_0023_0015_0058_0058.jpg 1 23 15 58 58
0114_0020_0039_0037_0037.jpg 1 20 39 37 37
0115_0023_0006_0063_0063.jpg 1 23 6 63 63
0116_0016_0056_0028_0028.jpg 1 16 56 28 28
0117_0035_0020_0052_0052.jpg 1 35 20 52 52
0118_0058_0010_0034_0034.jpg 1 58 10 34 34
0119_0012_0010_0034_0034.jpg 1 12 10 34 34
0120_0030_0060_0026_0026.jpg 1 30 60 26 26
0121_0028_0059_0033_0033.jpg 1 28 59 33 33
0122_0020_0004_0063_0063.jpg 1 20 4 63 63
0123_0025_0008_0032_0032.jpg 1 25 8 32 32
0124_0043_0022_0038_0038.jpg 1 43 22 38 38
0125_0048_0038_0038_0038.jpg 1 48 38 38 38
0126_0021_0023_0028_0028.jpg 1 21 23 28 28
0127_0014_0054_0035_0035.jpg 1 14 54 35 35
0128_0038_0007_0052_0052.jpg 1 38 7 52 52
0129_0044_0015_0045_0045.jpg 1 44 15 45 45
0130_0012_0012_0030_0030.jpg 1 12 12 30 30
0131_0006_0009_0065_0065.jpg 1 6 9 65 65
0132_0032_0054_0033_0033.jpg 1 32 54 33 33
0133_0012_0011_0037_0037.jpg 1 12 11 37 37
0134_0025_0019_0052_0052.jpg 1 25 19 52 52
0135_0044_0026_0046_0046.jpg 1 44 26 46 46
0136_0023_0034_0024_0024.jpg 1 23 34 24 24
0137_0030_0042_0037_0037.jpg 1 30 42 37 37
0138_0018_0017_0065_0065.jpg 1 18 17 65 65
0139_0056_0014_0034_0034.jpg 1 56 14 34 34
0140_0031_0045_0039_0039.jpg 1 31 45 39 39
0141_0030_0035_0046_0046.jpg 1 30 35 46 46
0142_0018_0034_0056_0056.jpg 1 18 34 56 56
0143_0010_0050_0043_0043.jpg 1 10 50 43 43
0144_0019_0035_0043_0043.jpg 1 19 35 43 43
0145_0026_0023_0059_0059.jpg 1 26 23 59 59
0146_0032_0014_0056_0056.jpg 1 32 14 56 56
0147_0025_0029_0065_0065.jpg 1 25 29 65 65
0148_0037_0017_0058_0058.jpg 1 37 17 58 58
0149_0026_0036_0050_0050.jpg 1 26 36 50 50
0150_0058_0018_0027_0027.jpg 1 58 18 27 27
0151_0018_0014_0050_0050.jpg 1 18 14 50 50
0152_0038_0026_0042_0042.jpg 1 38 26 42 42
0153_0057_0013_0028_0028.jpg 1 57 13 28 28
0154_0014_0045_0038_0038.jpg 1 14 45 38 38
0155_0012_0030_0062_0062.jpg 1 12 30 62 62
0156_0024_0005_0063_0063.jpg 1 24 5 63 63
0157_0019_0018_0063_0063.jpg 1 19 18 63 63
0158_0012_0011_0066_0066.jpg 1 12 11 66 66
0159_0009_0006_0058_0058.jpg 1 9 6 58 58
0160_0010_0021_0024_0024.jpg 1 10 21 24 24
0161_0031_0007_0062_0062.jpg 1 31 7 62 62
0162_0010_0010_0045_0045.jpg 1 10 10 45 45
0163_0006_0024_0056_0056.jpg 1 6 24 56 56
0164_0031_0028_0029_0029.jpg 1 31 28 29 29
0165_0028_0027_0056_0056.jpg 1 28 27 56 56
0166_0044_0048_0040_0040.jpg 1 44 48 40 40
0167_0024_0026_0028_0028.jpg 1 24 26 28 28
0168_0029_0021_0065_0065.jpg 1 29 21 65 65
0169_0058_0053_0030_0030.jpg 1 58 53 30 30
0170_0040_0067_0024_0024.jpg 1 40 67 24 24
0171_0021_0033_0050_0050.jpg 1 21 33 50 50
0172_0017_0018_0040_0040.jpg 1 17 18 40 40
0173_0010_0053_0026_0026.jpg 1 10 53 26 26
0174_0061_0031_0030_0030.jpg 1 61 31 30 30
0175_0049_0008_0041_0041.jpg 1 49 8 41 41
0176_0027_0010_0064_0064.jpg 1 27 10 64 64
0177_0036_0028_0042_0042.jpg 1 36 28 42 42
0178_0013_0025_0068_0068.jpg 1 13 25 68 68
0179_0022_0016_0066_0066.jpg 1 22 16 66 66
0180_0004_0018_0066_0066.jpg 1 4 18 66 66
0181_0036_0026_0056_0056.jpg 1 36 26 56 56
0182_0016_0005_0048_0048.jpg 1 16 5 48 48
0183_0064_0019_0025_0025.jpg 1 64 19 25 25
0184_0017_0007_0052_0052.jpg 1 17 7 52 52
0185_0008_0025_0061_0061.jpg 1 8 25 61 61
0186_0025_0036_0055_0055.jpg 1 25 36 55 55
0187_0032_0009_0055_0055.jpg 1 32 9 55 55
0188_0032_0026_0040_0040.jpg 1 32 26 40 40
0189_0030_0039_0025_0025.jpg 1 30 39 25 25
0190_0040_0009_0040_0040.jpg 1 40 9 40 40
0191_0007_0021_0065_0065.jpg 1 7 21 65 65
0192_0008_0041_0051_0051.jpg 1 8 41 51 51
0193_0038_0031_0039_0039.jpg 1 38 31 39 39
0194_0012_0011_0067_0067.jpg 1 12 11 67 67
0195_0028_0025_0065_0065.jpg 1 28 25 65 65
0196_0022_0022_0060_0060.jpg 1 22 22 60 60
0197_0014_0010_0040_0040.jpg 1 14 10 40 40
0198_0018_0003_0068_0068.jpg 1 18 3 68 68
0199_0019_0054_0026_0026.jpg 1 19 54 26 26
0200_0028_0035_0040_0040.jpg 1 28 35 40 40
0201_0044_0038_0048_0048.jpg 1 44 38 48 48
0202_0039_0040_0042_0042.jpg 1 39 40 42 42
0203_0042_0017_0038_0038.jpg 1 42 17 38 38
0204_0036_0011_0057_0057.jpg 1 36 11 57 57
0205_0039_0042_0044_0044.jpg 1 39 42 44 44
0206_0020_0024_0041_0041.jpg 1 20 24 41 41
0207_0025_0010_0032_0032.jpg 1 25 10 32 32
0208_0007_0012_0039_0039.jpg 1 7 12 39 39
0209_0025_0043_0037_0037.jpg 1 25 43 37 37
0210_0021_0020_0067_0067.jpg 1 21 20 67 67
0211_0005_0023_0051_0051.jpg 1 5 23 51 51
0212_0021_0042_0043_0043.jpg 1 21 42 43 43
0213_0007_0038_0031_0031.jpg 1 7 38 31 31
0214_0011_0011_0067_0067.jpg 1 11 11 67 67
0215_0020_0011_0068_0068.jpg 1 20 11 68 68
0216_0008_0020_0040_0040.jpg 1 8 20 40 40
0217_0003_0019_0067_0067.jpg 1 3 19 67 67
0218_0019_0023_0049_0049.jpg 1 19 23 49 49
0219_0058_0034_0028_0028.jpg 1 58 34 28 28
0220_0028_0024_0068_0068.jpg 1 28 24 68 68
0221_0009_0028_0046_0046.jpg 1 9 28 46 46
0222_0028_0012_0045_0045.jpg 1 28 12 45 45
0223_0021_0014_0059_0059.jpg 1 21 14 59 59
0224_0015_0036_0048_0048.jpg 1 15 36 48 48
0225_0016_0048_0040_0040.jpg 1 16 48 40 40
0226_0045_0040_0043_0043.jpg 1 45 40 43 43
0227_0017_0020_0053_0053.jpg 1 17 20 53 53
0228_0026_0014_0046_0046.jpg 1 26 14 46 46
0229_0016_0018_0046_0046.jpg 1 16 18 46 46
0230_0025_0025_0025_0025.jpg 1 25 25 25 25
0231_0013_0021_0048_0048.jpg 1 13 21 48 48
0232_0015_0032_0063_0063.jpg 1 15 32 63 63
0233_0052_0007_0040_0040.jpg 1 52 7 40 40
0234_0024_0044_0036_0036.jpg 1 24 44 36 36
0235_0035_0045_0039_0039.jpg 1 35 45 39 39
0236_0042_0048_0042_0042.jpg 1 42 48 42 42
0237_0023_0030_0054_0054.jpg 1 23 30 54 54
0238_0042_0020_0047_0047.jpg 1 42 20 47 47
0239_0034_0017_0037_0037.jpg 1 34 17 37 37
0240_0005_0010_0068_0068.jpg 1 5 10 68 68
0241_0038_0024_0032_0032.jpg 1 38 24 32 32
0242_0006_0003_0067_0067.jpg 1 6 3 67 67
0243_0037_0029_0055_0055.jpg 1 37 29 55 55
0244_0040_0010_0049_0049.jpg 1 40 10 49 49
0245_0026_0019_0047_0047.jpg 1 26 19 47 47
0246_0006_0012_0057_0057.jpg 1 6 12 57 57
0247_0054_0053_0024_0024.jpg 1 54 53 24 24
0248_0010_0017_0053_0053.jpg 1 10 17 53 53
0249_0032_0017_0058_0058.jpg 1 32 17 58 58
0250_0011_0017_0065_0065.jpg 1 11 17 65 65
0251_0014_0063_0026_0026.jpg 1 14 63 26 26
0252_0017_0017_0062_0062.jpg 1 17 17 62 62
0253_0033_0017_0042_0042.jpg 1 33 17 42 42
0254_0020_0033_0062_0062.jpg 1 20 33 62 62
0255_0024_0012_0068_0068.jpg 1 24 12 68 68
0256_0008_0013_0068_0068.jpg 1 8 13 68 68
0257_0031_0047_0046_0046.jpg 1 31 47 46 46
0258_0010_0034_0051_0051.jpg 1 10 34 51 51
0259_0031_0022_0038_0038.jpg 1 31 22 38 38
0260_0038_0039_0037_0037.jpg 1 38 39 37 37
0261_0032_0008_0052_0052.jpg 1 32 8 52 52
0262_0043_0054_0033_0033.jpg 1 43 54 33 33
0263_0021_0052_0039_0039.jpg 1 21 52 39 39
0264_0019_0026_0056_0056.jpg 1 19 26 56 56
0265_0048_0011_0038_0038.jpg 1 48 11 38 38
0266_0021_0027_0039_0039.jpg 1 21 27 39 39
0267_0003_0003_0067_0067.jpg 1 3 3 67 67
0268_0005_0014_0056_0056.jpg 1 5 14 56 56
0269_0016_0034_0050_0050.jpg 1 16 34 50 50
0270_0044_0005_0045_0045.jpg 1 44 5 45 45
0271_0024_0028_0060_0060.jpg 1 24 28 60 60
0272_0042_0042_0027_0027.jpg 1 42 42 27 27
0273_0010_0015_0026_0026.jpg 1 10 15 26 26
0274_0034_0040_0024_0024.jpg 1 34 40 24 24
0275_0015_0021_0026_0026.jpg 1 15 21 26 26
0276_0006_0009_0035_0035.jpg 1 6 9 35 35
0277_0018_0005_0059_0059.jpg 1 18 5 59 59
0278_0013_0010_0043_0043.jpg 1 13 10 43 43
0279_0032_0029_0031_0031.jpg 1 32 29 31 31
0280_0029_0032_0037_0037.jpg 1 29 32 37 37
0281_0010_0028_0031_0031.jpg 1 10 28 31 31
0282_0023_0004_0053_0053.jpg 1 23 4 53 53
0283_0010_0033_0056_0056.jpg 1 10 33 56 56
0284_0010_0036_0045_0045.jpg 1 10 36 45 45
0285_0029_0028_0053_0053.jpg 1 29 28 53 53
0286_0006_0019_0050_0050.jpg 1 6 19 50 50
0287_0008_0030_0059_0059.jpg 1 8 30 59 59
0288_0045_0023_0027_0027.jpg 1 45 23 27 27
0289_0055_0051_0028_0028.jpg 1 55 51 28 28
0290_0047_0014_0044_0044.jpg 1 47 14 44 44
0291_0009_0018_0029_0029.jpg 1 9 18 29 29
0292_0039_0009_0050_0050.jpg 1 39 9 50 50
0293_0027_0025_0044_0044.jpg 1 27 25 44 44
0294_0007_0009_0055_0055.jpg 1 7 9 55 55
0295_0025_0005_0048_0048.jpg 1 25 5 48 48
0296_0023_0024_0026_0026.jpg 1 23 24 26 26
0297_0038_0040_0049_0049.jpg 1 38 40 49 49
0298_0014_0012_0043_0043.jpg 1 14 12 43 43
0299_0017_0015_0026_0026.jpg 1 17 15 26 26
0300_0018_0046_0037_0037.jpg 1 18 46 37 37
0301_0021_0013_0062_0062.jpg 1 21 13 62 62
0302_0026_0038_0038_0038.jpg 1 26 38 38 38
0303_0057_0040_0029_0029.jpg 1 57 40 29 29
0304_0033_0010_0037_0037.jpg 1 33 10 37 37
0305_0035_0028_0030_0030.jpg 1 35 28 30 30
0306_0023_0015_0037_0037.jpg 1 23 15 37 37
0307_0036_0056_0026_0026.jpg 1 36 56 26 26
0308_0021_0049_0029_0029.jpg 1 21 49 29 29
0309_0041_0018_0043_0043.jpg 1 41 18 43 43
0310_0033_0031_0060_0060.jpg 1 33 31 60 60
0311_0035_0029_0032_0032.jpg 1 35 29 32 32
0312_0015_0046_0039_0039.jpg 1 15 46 39 39
0313_0028_0035_0058_0058.jpg 1 28 35 58 58
0314_0038_0012_0057_0057.jpg 1 38 12 57 57
0315_0023_0017_0045_0045.jpg 1 23 17 45 45
0316_0009_0021_0051_0051.jpg 1 9 21 51 51
0317_0019_0025_0061_0061.jpg 1 19 25 61 61
0318_0014_0022_0065_0065.jpg 1 14 22 65 65
0319_0029_0041_0050_0050.jpg 1 29 41 50 50
0320_0035_0033_0029_0029.jpg 1 35 33 29 29
0321_0007_0035_0060_0060.jpg 1 7 35 60 60
0322_0005_0023_0064_0064.jpg 1 5 23 64 64
0323_0022_0028_0037_0037.jpg 1 22 28 37 37
0324_0051_0029_0031_0031.jpg 1 51 29 31 31
0325_0034_0029_0033_0033.jpg 1 34 29 33 33
0326_0010_0011_0068_0068.jpg 1 10 11 68 68
0327_0055_0021_0034_0034.jpg 1 55 21 34 34
0328_0013_0012_0048_0048.jpg 1 13 12 48 48
0329_0036_0040_0052_0052.jpg 1 36 40 52 52
0330_0019_0032_0058_0058.jpg 1 19 32 58 58
0331_0016_0019_0068_0068.jpg 1 16 19 68 68
0332_0022_0029_0047_0047.jpg 1 22 29 47 47
0333_0003_0017_0069_0069.jpg 1 3 17 69 69
0334_0027_0007_0046_0046.jpg 1 27 7 46 46
0335_0015_0016_0043_0043.jpg 1 15 16 43 43
0336_0013_0019_0063_0063.jpg 1 13 19 63 63
0337_0023_0020_0024_0024.jpg 1 23 20 24 24
0338_0012_0030_0065_0065.jpg 1 12 30 65 65
0339_0012_0007_0033_0033.jpg 1 12 7 33 33
0340_0024_0011_0066_0066.jpg 1 24 11 66 66
0341_0025_0052_0041_0041.jpg 1 25 52 41 41
0342_0008_0021_0034_0034.jpg 1 8 21 34 34
0343_0013_0007_0026_0026.jpg 1 13 7 26 26
0344_0008_0024_0067_0067.jpg 1 8 24 67 67
0345_0018_0024_0068_0068.jpg 1 18 24 68 68
0346_0018_0020_0069_0069.jpg 1 18 20 69 69
0347_0015_0011_0064_0064.jpg 1 15 11 64 64
0348_0037_0048_0031_0031.jpg 1 37 48 31 31
0349_0040_0045_0035_0035.jpg 1 40 45 35 35
0350_0033_0032_0053_0053.jpg 1 33 32 53 53
0351_0030_0021_0050_0050.jpg 1 30 21 50 50
0352_0020_0012_0057_0057.jpg 1 20 12 57 57
0353_0057_0035_0034_0034.jpg 1 57 35 34 34
0354_0035_0005_0060_0060.jpg 1 35 5 60 60
0355_0010_0007_0062_0062.jpg 1 10 7 62 62
0356_0016_0003_0067_0067.jpg 1 16 3 67 67
0357_0033_0048_0037_0037.jpg 1 33 48 37 37
0358_0022_0010_0040_0040.jpg 1 22 10 40 40
0359_0025_0034_0048_0048.jpg 1 25 34 48 48
0360_0036_0011_0059_0059.jpg 1 36 11 59 59
0361_0016_0012_0037_0037.jpg 1 16 12 37 37
0362_0023_0011_0037_0037.jpg 1 23 11 37 37
0363_0017_0025_0064_0064.jpg 1 17 25 64 64
0364_0017_0027_0029_0029.jpg 1 17 27 29 29
0365_0016_0042_0036_0036.jpg 1 16 42 36 36
0366_0008_0024_0067_0067.jpg 1 8 24 67 67
0367_0013_0020_0063_0063.jpg 1 13 20 63 63
0368_0017_0013_0063_0063.jpg 1 17 13 63 63
0369_0035_0025_0056_0056.jpg 1 35 25 56 56
0370_0024_0039_0036_0036.jpg 1 24 39 36 36
0371_0022_0014_0065_0065.jpg 1 22 14 65 65
0372_0039_0055_0026_0026.jpg 1 39 55 26 26
0373_0038_0009_0032_0032.jpg 1 38 9 32 32
0374_0014_0020_0048_0048.jpg 1 14 20 48 48
0375_0038_0036_0027_0027.jpg 1 38 36 27 27
0376_0054_0031_0030_0030.jpg 1 54 31 30 30
0377_0028_0013_0068_0068.jpg 1 28 13 68 68
0378_0007_0022_0068_0068.jpg 1 7 22 68 68
0379_0027_0035_0050_0050.jpg 1 27 35 50 50
0380_0012_0004_0069_0069.jpg 1 12 4 69 69
0381_0011_0036_0041_0041.jpg 1 11 36 41 41
0382_0037_0052_0030_0030.jpg 1 37 52 30 30
0383_0019_0035_0046_0046.jpg 1 19 35 46 46
0384_0028_0038_0050_0050.jpg 1 28 38 50 50
0385_0041_0016_0041_0041.jpg 1 41 16 41 41
0386_0023_0043_0037_0037.jpg 1 23 43 37 37
0387_0026_0060_0032_0032.jpg 1 26 60 32 32
0388_0060_0033_0024_0024.jpg 1 60 33 24 24
0389_0020_0035_0040_0040.jpg 1 20 35 40 40
0390_0055_0051_0033_0033.jpg 1 55 51 33 33
0391_0040_0006_0047_0047.jpg 1 40 6 47 47
0392_0033_0026_0052_0052.jpg 1 33 26 52 52
0393_0025_0016_0036_0036.jpg 1 25 16 36 36
0394_0004_0027_0067_0067.jpg 1 4 27 67 67
0395_0047_0017_0046_0046.jpg 1 47 17 46 46
0396_0033_0021_0051_0051.jpg 1 33 21 51 51
0397_0035_0012_0051_0051.jpg 1 35 12 51 51
0398_0010_0038_0049_0049.jpg 1 10 38 49 49
0399_0007_0044_0037_0037.jpg 1 7 44 37 37
0400_0018_0019_0059_0059.jpg 1 18 19 59 59
0401_0031_0045_0048_0048.jpg 1 31 45 48 48
0402_0042_0046_0032_0032.jpg 1 42 46 32 32
0403_0011_0026_0042_0042.jpg 1 11 26 42 42
0404_0008_0011_0067_0067.jpg 1 8 11 67 67
0405_0035_0012_0053_0053.jpg 1 35 12 53 53
0406_0036_0009_0025_0025.jpg 1 36 9 25 25
0407_0046_0020_0047_0047.jpg 1 46 20 47 47
0408_0037_0014_0058_0058.jpg 1 37 14 58 58
0409_0006_0014_0064_0064.jpg 1 6 14 64 64
0410_0041_0059_0034_0034.jpg 1 41 59 34 34
0411_0035_0039_0026_0026.jpg 1 35 39 26 26
0412_0011_0014_0064_0064.jpg 1 11 14 64 64
0413_0004_0020_0067_0067.jpg 1 4 20 67 67
0414_0023_0044_0045_0045.jpg 1 23 44 45 45
0415_0019_0026_0068_0068.jpg 1 19 26 68 68
0416_0010_0056_0035_0035.jpg 1 10 56 35 35
0417_0023_0040_0053_0053.jpg 1 23 40 53 53
0418_0034_0004_0060_0060.jpg 1 34 4 60 60
0419_0036_0028_0044_0044.jpg 1 36 28 44 44
0420_0007_0008_0065_0065.jpg 1 7 8 65 65
0421_0017_0018_0056_0056.jpg 1 17 18 56 56
0422_0011_0010_0050_0050.jpg 1 11 10 50 50
0423_0022_0014_0069_0069.jpg 1 22 14 69 69
0424_0035_0010_0060_0060.jpg 1 35 10 60 60
0425_0033_0031_0050_0050.jpg 1 33 31 50 50
0426_0024_0034_0051_0051.jpg 1 24 34 51 51
0427_0064_0021_0026_0026.jpg 1 64 21 26 26
0428_0028_0029_0067_0067.jpg 1 28 29 67 67
0429_0039_0025_0040_0040.jpg 1 39 25 40 40
0430_0007_0016_0065_0065.jpg 1 7 16 65 65
0431_0041_0056_0032_0032.jpg 1 41 56 32 32
0432_0044_0033_0048_0048.jpg 1 44 33 48 48
0433_0042_0027_0051_0051.jpg 1 42 27 51 51
0434_0012_0042_0046_0046.jpg 1 12 42 46 46
0435_0023_0011_0059_0059.jpg 1 23 11 59 59
0436_0052_0054_0033_0033.jpg 1 52 54 33 33
0437_0018_0004_0060_0060.jpg 1 18 4 60 60
0438_0020_0052_0025_0025.jpg 1 20 52 25 25
0439_0038_0044_0049_0049.jpg 1 38 44 49 49
0440_0025_0022_0029_0029.jpg 1 25 22 29 29
0441_0012_0042_0044_0044.jpg 1 12 42 44 44
0442_0022_0045_0047_0047.jpg 1 22 45 47 47
0443_0050_0051_0041_0041.jpg 1 50 51 41 41
0444_0037_0038_0041_0041.jpg 1 37 38 41 41
0445_0028_0038_0050_0050.jpg 1 28 38 50 50
0446_0015_0014_0047_0047.jpg 1 15 14 47 47
0447_0028_0033_0059_0059.jpg 1 28 33 59 59
0448_0036_0007_0058_0058.jpg 1 36 7 58 58
0449_0004_0012_0064_0064.jpg 1 4 12 64 64
0450_0024_0017_0049_0049.jpg 1 24 17 49 49
0451_0004_0027_0058_0058.jpg 1 4 27 58 58
0452_0024_0023_0039_0039.jpg 1 24 23 39 39
0453_0016_0023_0043_0043.jpg 1 16 23 43 43
0454_0016_0006_0055_0055.jpg 1 16 6 55 55
0455_0005_0004_0066_0066.jpg 1 5 4 66 66
0456_0046_0029_0047_0047.jpg 1 46 29 47 47
0457_0024_0018_0054_0054.jpg 1 24 18 54 54
0458_0051_0048_0034_0034.jpg 1 51 48 34 34
0459_0022_0016_0062_0062.jpg 1 22 16 62 62
0460_0038_0044_0031_0031.jpg 1 38 44 31 31
0461_0021_0022_0052_0052.jpg 1 21 22 52 52
0462_0017_0003_0067_0067.jpg 1 17 3 67 67
0463_0044_0010_0042_0042.jpg 1 44 10 42 42
0464_0031_0032_0055_0055.jpg 1 31 32 55 55
0465_0020_0013_0051_0051.jpg 1 20 13 51 51
0466_0038_0024_0050_0050.jpg 1 38 24 50 50
0467_0009_0024_0040_0040.jpg 1 9 24 40 40
0468_0022_0052_0040_0040.jpg 1 22 52 40 40
0469_0005_0013_0055_0055.jpg 1 5 13 55 55
0470_0020_0031_0053_0053.jpg 1 20 31 53 53
0471_0029_0050_0030_0030.jpg 1 29 50 30 30
0472_0006_0022_0039_0039.jpg 1 6 22 39 39
0473_0009_0032_0044_0044.jpg 1 9 32 44 44
0474_0026_0032_0062_0062.jpg 1 26 32 62 62
0475_0031_0015_0027_0027.jpg 1 31 15 27 27
0476_0032_0015_0061_0061.jpg 1 32 15 61 61
0477_0014_0023_0050_0050.jpg 1 14 23 50 50
0478_0010_0023_0057_0057.jpg 1 10 23 57 57
0479_0017_0014_0062_0062.jpg 1 17 14 62 62
0480_0011_0028_0062_0062.jpg 1 11 28 62 62
0481_0021_0050_0030_0030.jpg 1 21 50 30 30
0482_0021_0016_0064_0064.jpg 1 21 16 64 64
0483_0018_0025_0059_0059.jpg 1 18 25 59 59
0484_0034_0062_0029_0029.jpg 1 34 62 29 29
0485_0035_0018_0045_0045.jpg 1 35 18 45 45
0486_0034_0012_0051_0051.jpg 1 34 12 51 51
0487_0052_0028_0039_0039.jpg 1 52 28 39 39
0488_0015_0032_0060_0060.jpg 1 15 32 60 60
0489_0020_0009_0040_0040.jpg 1 20 9 40 40
0490_0038_0045_0029_0029.jpg 1 38 45 29 29
0491_0018_0023_0067_0067.jpg 1 18 23 67 67
0492_0052_0014_0040_0040.jpg 1 52 14 40 40
0493_0055_0028_0037_0037.jpg 1 55 28 37 37
0494_0018_0043_0040_0040.jpg 1 18 43 40 40
0495_0024_0019_0059_0059.jpg 1 24 19 59 59
0496_0011_0006_0061_0061.jpg 1 11 6 61 61
0497_0012_0021_0037_0037.jpg 1 12 21 37 37
0498_0038_0044_0035_0035.jpg 1 38 44 35 35
0499_0011_0037_0058_0058.jpg 1 11 37 58 58
0500_0022_0012_0047_0047.jpg 1 22 12 47 47
0501_0006_0029_0063_0063.jpg 1 6 29 63 63
0502_0012_0010_0047_0047.jpg 1 12 10 47 47
0503_0053_0020_0030_0030.jpg 1 53 20 30 30
0504_0023_0022_0057_0057.jpg 1 23 22 57 57
0505_0066_0059_0025_0025.jpg 1 66 59 25 25
0506_0028_0009_0026_0026.jpg 1 28 9 26 26
0507_0019_0027_0057_0057.jpg 1 19 27 57 57
0508_0025_0047_0037_0037.jpg 1 25 47 37 37
0509_0054_0013_0026_0026.jpg 1 54 13 26 26
0510_0022_0039_0049_0049.jpg 1 22 39 49 49
0511_0018_0015_0062_0062.jpg 1 18 15 62 62
0512_0012_0020_0058_0058.jpg 1 12 20 58 58
0513_0010_0032_0035_0035.jpg 1 10 32 35 35
0514_0049_0056_0030_0030.jpg 1 49 56 30 30
0515_0010_0042_0040_0040.jpg 1 10 42 40 40
0516_0057_0047_0032_0032.jpg 1 57 47 32 32
0517_0027_0035_0034_0034.jpg 1 27 35 34 34
0518_0057_0031_0035_0035.jpg 1 57 31 35 35
0519_0020_0048_0036_0036.jpg 1 20 48 36 36
0520_0008_0050_0043_0043.jpg 1 8 50 43 43
0521_0037_0013_0042_0042.jpg 1 37 13 42 42
0522_0008_0026_0046_0046.jpg 1 8 26 46 46
0523_0041_0023_0034_0034.jpg 1 41 23 34 34
0524_0016_0021_0066_0066.jpg 1 16 21 66 66
0525_0038_0021_0044_0044.jpg 1 38 21 44 44
0526_0058_0037_0030_0030.jpg 1 58 37 30 30
0527_0010_0018_0057_0057.jpg 1 10 18 57 57
0528_0015_0047_0037_0037.jpg 1 15 47 37 37
0529_0028_0020_0042_0042.jpg 1 28 20 42 42
0530_0051_0042_0036_0036.jpg 1 51 42 36 36
0531_0052_0047_0040_0040.jpg 1 52 47 40 40
0532_0028_0004_0061_0061.jpg 1 28 4 61 61
0533_0032_0030_0051_0051.jpg 1 32 30 51 51
0534_0037_0026_0054_0054.jpg 1 37 26 54 54
0535_0013_0058_0028_0028.jpg 1 13 58 28 28
0536_0035_0006_0046_0046.jpg 1 35 6 46 46
0537_0025_0018_0047_0047.jpg 1 25 18 47 47
0538_0028_0029_0027_0027.jpg 1 28 29 27 27
0539_0021_0014_0049_0049.jpg 1 21 14 49 49
0540_0036_0033_0041_0041.jpg 1 36 33 41 41
0541_0021_0030_0046_0046.jpg 1 21 30 46 46
0542_0010_0024_0053_0053.jpg 1 10 24 53 53
0543_0004_0025_0069_0069.jpg 1 4 25 69 69
0544_0011_0028_0062_0062.jpg 1 11 28 62 62
0545_0030_0024_0061_0061.jpg 1 30 24 61 61
0546_0007_0039_0044_0044.jpg 1 7 39 44 44
0547_0033_0030_0063_0063.jpg 1 33 30 63 63
0548_0014_0043_0027_0027.jpg 1 14 43 27 27
0549_0014_0049_0028_0028.jpg 1 14 49 28 28
0550_0016_0029_0048_0048.jpg 1 16 29 48 48
0551_0050_0026_0039_0039.jpg 1 50 26 39 39
0552_0017_0022_0068_0068.jpg 1 17 22 68 68
0553_0058_0040_0031_0031.jpg 1 58 40 31 31
0554_0029_0013_0044_0044.jpg 1 29 13 44 44
0555_0014_0027_0062_0062.jpg 1 14 27 62 62
0556_0028_0006_0058_0058.jpg 1 28 6 58 58
0557_0026_0010_0055_0055.jpg 1 26 10 55 55
0558_0025_0052_0031_0031.jpg 1 25 52 31 31
0559_0026_0048_0036_0036.jpg 1 26 48 36 36
0560_0040_0065_0027_0027.jpg 1 40 65 27 27
0561_0009_0018_0044_0044.jpg 1 9 18 44 44
0562_0044_0046_0034_0034.jpg 1 44 46 34 34
0563_0009_0020_0049_0049.jpg 1 9 20 49 49
0564_0018_0009_0067_0067.jpg 1 18 9 67 67
0565_0009_0049_0035_0035.jpg 1 9 49 35 35
0566_0041_0014_0051_0051.jpg 1 41 14 51 51
0567_0037_0035_0054_0054.jpg 1 37 35 54 54
0568_0009_0039_0049_0049.jpg 1 9 39 49 49
0569_0036_0047_0046_0046.jpg 1 36 47 46 46
0570_0005_0004_0064_0064.jpg 1 5 4 64 64
0571_0036_0037_0043_0043.jpg 1 36 37 43 43
0572_0008_0032_0036_0036.jpg 1 8 32 36 36
0573_0013_0017_0068_0068.jpg 1 13 17 68 68
0574_0040_0006_0046_0046.jpg 1 40 6 46 46
0575_0012_0007_0046_0046.jpg 1 12 7 46 46
0576_0010_0015_0067_0067.jpg 1 10 15 67 67
0577_0024_0008_0050_0050.jpg 1 24 8 50 50
0578_0058_0031_0032_0032.jpg 1 58 31 32 32
0579_0022_0041_0025_0025.jpg 1 22 41 25 25
0580_0023_0007_0044_0044.jpg 1 23 7 44 44
0581_0026_0026_0066_0066.jpg 1 26 26 66 66
0582_0028_0020_0042_0042.jpg 1 28 20 42 42
0583_0039_0027_0048_0048.jpg 1 39 27 48 48
0584_0045_0024_0030_0030.jpg 1 45 24 30 30
0585_0059_0048_0025_0025.jpg 1 59 48 25 25
0586_0017_0023_0060_0060.jpg 1 17 23 60 60
0587_0024_0038_0042_0042.jpg 1 24 38 42 42
0588_0020_0020_0033_0033.jpg 1 20 20 33 33
0589_0029_0041_0041_0041.jpg 1 29 41 41 41
0590_0006_0021_0050_0050.jpg 1 6 21 50 50
0591_0027_0022_0063_0063.jpg 1 27 22 63 63
0592_0013_0025_0064_0064.jpg 1 13 25 64 64
0593_0053_0027_0029_0029.jpg 1 53 27 29 29
0594_0012_0031_0029_0029.jpg 1 12 31 29 29
0595_0019_0019_0066_0066.jpg 1 19 19 66 66
0596_0024_0008_0055_0055.jpg 1 24 8 55 55
0597_0042_0016_0030_0030.jpg 1 42 16 30 30
0598_0031_0030_0062_0062.jpg 1 31 30 62 62
0599_0025_0044_0046_0046.jpg 1 25 44 46 46
0600_0008_0011_0029_0029.jpg 1 8 11 29 29
0601_0045_0034_0041_0041.jpg 1 45 34 41 41
0602_0006_0012_0047_0047.jpg 1 6 12 47 47
0603_0019_0006_0052_0052.jpg 1 19 6 52 52
0604_0025_0040_0033_0033.jpg 1 25 40 33 33
0605_0040_0051_0029_0029.jpg 1 40 51 29 29
0606_0019_0028_0063_0063.jpg 1 19 28 63 63
0607_0010_0042_0046_0046.jpg 1 10 42 46 46
0608_0026_0003_0068_0068.jpg 1 26 3 68 68
0609_0011_0033_0054_0054.jpg 1 11 33 54 54
0610_0005_0007_0069_0069.jpg 1 5 7 69 69
0611_0025_0019_0027_0027.jpg 1 25 19 27 27
0612_0022_0031_0041_0041.jpg 1 22 31 41 41
0613_0044_0064_0024_0024.jpg 1 44 64 24 24
0614_0033_0024_0041_0041.jpg 1 33 24 41 41
0615_0006_0018_0039_0039.jpg 1 6 18 39 39
0616_0026_0024_0051_0051.jpg 1 26 24 51 51
0617_0024_0053_0040_0040.jpg 1 24 53 40 40
0618_0043_0028_0046_0046.jpg 1 43 28 46 46
0619_0034_0006_0059_0059.jpg 1 34 6 59 59
0620_0029_0044_0027_0027.jpg 1 29 44 27 27
0621_0059_0061_0028_0028.jpg 1 59 61 28 28
0622_0006_0036_0045_0045.jpg 1 6 36 45 45
0623_0021_0021_0040_0040.jpg 1 21 21 40 40
0624_0034_0009_0046_0046.jpg 1 34 9 46 46
0625_0007_0034_0032_0032.jpg 1 7 34 32 32
0626_0020_0005_0063_0063.jpg 1 20 5 63 63
0627_0031_0053_0028_0028.jpg 1 31 53 28 28
0628_0010_0009_0044_0044.jpg 1 10 9 44 44
0629_0027_0015_0059_0059.jpg 1 27 15 59 59
0630_0010_0007_0062_0062.jpg 1 10 7 62 62
0631_0017_0029_0058_0058.jpg 1 17 29 58 58
0632_0008_0005_0061_0061.jpg 1 8 5 61 61
0633_0017_0031_0047_0047.jpg 1 17 31 47 47
0634_0009_0018_0068_0068.jpg 1 9 18 68 68
0635_0008_0031_0032_0032.jpg 1 8 31 32 32
0636_0018_0006_0063_0063.jpg 1 18 6 63 63
0637_0015_0046_0033_0033.jpg 1 15 46 33 33
0638_0023_0020_0062_0062.jpg 1 23 20 62 62
0639_0010_0026_0066_0066.jpg 1 10 26 66 66
0640_0024_0049_0032_0032.jpg 1 24 49 32 32
0641_0026_0009_0060_0060.jpg 1 26 9 60 60
0642_0021_0018_0027_0027.jpg 1 21 18 27 27
0643_0062_0034_0024_0024.jpg 1 62 34 24 24
0644_0008_0039_0054_0054.jpg 1 8 39 54 54
0645_0005_0010_0054_0054.jpg 1 5 10 54 54
0646_0015_0026_0061_0061.jpg 1 15 26 61 61
0647_0046_0015_0036_0036.jpg 1 46 15 36 36
0648_0036_0017_0057_0057.jpg 1 36 17 57 57
0649_0043_0032_0037_0037.jpg 1 43 32 37 37
0650_0018_0040_0054_0054.jpg 1 18 40 54 54
0651_0018_0010_0064_0064.jpg 1 18 10 64 64
0652_0015_0006_0051_0051.jpg 1 15 6 51 51
0653_0031_0010_0051_0051.jpg 1 31 10 51 51
0654_0037_0049_0041_0041.jpg 1 37 49 41 41
0655_0033_0034_0055_0055.jpg 1 33 34 55 55
0656_0013_0020_0066_0066.jpg 1 13 20 66 66
0657_0007_0035_0057_0057.jpg 1 7 35 57 57
0658_0041_0015_0036_0036.jpg 1 41 15 36 36
0659_0022_0024_0038_0038.jpg 1 22 24 38 38
0660_0009_0021_0045_0045.jpg 1 9 21 45 45
0661_0045_0026_0047_0047.jpg 1 45 26 47 47
0662_0009_0051_0031_0031.jpg 1 9 51 31 31
0663_0030_0017_0062_0062.jpg 1 30 17 62 62
0664_0029_0009_0066_0066.jpg 1 29 9 66 66
0665_0009_0010_0046_0046.jpg 1 9 10 46 46
0666_0014_0008_0053_0053.jpg 1 14 8 53 53
0667_0022_0039_0053_0053.jpg 1 22 39 53 53
0668_0015_0030_0033_0033.jpg 1 15 30 33 33
0669_0036_0025_0041_0041.jpg 1 36 25 41 41
0670_0014_0017_0065_0065.jpg 1 14 17 65 65
0671_0020_0052_0032_0032.jpg 1 20 52 32 32
0672_0055_0017_0028_0028.jpg 1 55 17 28 28
0673_0046_0060_0026_0026.jpg 1 46 60 26 26
0674_0012_0025_0068_0068.jpg 1 12 25 68 68
0675_0010_0027_0048_0048.jpg 1 10 27 48 48
0676_0024_0009_0064_0064.jpg 1 24 9 64 64
0677_0033_0025_0056_0056.jpg 1 33 25 56 56
0678_0006_0010_0059_0059.jpg 1 6 10 59 59
0679_0034_0009_0043_0043.jpg 1 34 9 43 43
0680_0029_0037_0052_0052.jpg 1 29 37 52 52
0681_0006_0029_0066_0066.jpg 1 6 29 66 66
0682_0008_0041_0027_0027.jpg 1 8 41 27 27
0683_0006_0006_0054_0054.jpg 1 6 6 54 54
0684_0017_0055_0034_0034.jpg 1 17 55 34 34
0685_0026_0011_0035_0035.jpg 1 26 11 35 35
0686_0026_0023_0063_0063.jpg 1 26 23 63 63
0687_0020_0012_0064_0064.jpg 1 20 12 64 64
0688_0013_0020_0041_0041.jpg 1 13 20 41 41
0689_0007_0030_0062_0062.jpg 1 7 30 62 62
0690_0045_0012_0047_0047.jpg 1 45 12 47 47
0691_0005_0032_0062_0062.jpg 1 5 32 62 62
0692_0017_0018_0056_0056.jpg 1 17 18 56 56
0693_0007_0031_0064_0064.jpg 1 7 31 64 64
0694_0012_0014_0058_0058.jpg 1 12 14 58 58
0695_0025_0029_0045_0045.jpg 1 25 29 45 45
0696_0009_0012_0067_0067.jpg 1 9 12 67 67
0697_0033_0037_0036_0036.jpg 1 33 37 36 36
0698_0027_0010_0064_0064.jpg 1 27 10 64 64
0699_0039_0051_0035_0035.jpg 1 39 51 35 35
0700_0021_0012_0039_0039.jpg 1 21 12 39 39
0701_0020_0016_0037_0037.jpg 1 20 16 37 37
0702_0026_0032_0040_0040.jpg 1 26 32 40 40
0703_0027_0019_0040_0040.jpg 1 27 19 40 40
0704_0021_0018_0065_0065.jpg 1 21 18 65 65
0705_0015_0030_0064_0064.jpg 1 15 30 64 64
0706_0009_0008_0040_0040.jpg 1 9 8 40 40
0707_0013_0023_0063_0063.jpg 1 13 23 63 63
0708_0055_0018_0035_0035.jpg 1 55 18 35 35
0709_0033_0023_0057_0057.jpg 1 33 23 57 57
0710_0021_0043_0042_0042.jpg 1 21 43 42 42
0711_0024_0009_0053_0053.jpg 1 24 9 53 53
0712_0012_0052_0041_0041.jpg 1 12 52 41 41
0713_0028_0037_0056_0056.jpg 1 28 37 56 56
0714_0035_0056_0032_0032.jpg 1 35 56 32 32
0715_0038_0008_0048_0048.jpg 1 38 8 48 48
0716_0034_0053_0026_0026.jpg 1 34 53 26 26
0717_0021_0012_0059_0059.jpg 1 21 12 59 59
0718_0013_0036_0033_0033.jpg 1 13 36 33 33
0719_0024_0029_0040_0040.jpg 1 24 29 40 40
0720_0005_0032_0058_0058.jpg 1 5 32 58 58
0721_0031_0056_0034_0034.jpg 1 31 56 34 34
0722_0011_0020_0069_0069.jpg 1 11 20 69 69
0723_0045_0034_0029_0029.jpg 1 45 34 29 29
0724_0051_0027_0040_0040.jpg 1 51 27 40 40
0725_0018_0014_0060_0060.jpg 1 18 14 60 60
0726_0027_0030_0052_0052.jpg 1 27 30 52 52
0727_0031_0029_0049_0049.jpg 1 31 29 49 49
0728_0028_0014_0035_0035.jpg 1 28 14 35 35
0729_0015_0020_0058_0058.jpg 1 15 20 58 58
0730_0019_0026_0064_0064.jpg 1 19 26 64 64
0731_0032_0026_0039_0039.jpg 1 32 26 39 39
0732_0003_0022_0068_0068.jpg 1 3 22 68 68
0733_0019_0067_0025_0025.jpg 1 19 67 25 25
0734_0035_0042_0046_0046.jpg 1 35 42 46 46
0735_0023_0010_0058_0058.jpg 1 23 10 58 58
0736_0064_0052_0026_0026.jpg 1 64 52 26 26
0737_0034_0027_0039_0039.jpg 1 34 27 39 39
0738_0015_0021_0066_0066.jpg 1 15 21 66 66
0739_0005_0028_0056_0056.jpg 1 5 28 56 56
0740_0027_0010_0045_0045.jpg 1 27 10 45 45
0741_0058_0015_0025_0025.jpg 1 58 15 25 25
0742_0006_0007_0057_0057.jpg 1 6 7 57 57
0743_0037_0044_0044_0044.jpg 1 37 44 44 44
0744_0026_0051_0036_0036.jpg 1 26 51 36 36
0745_0005_0027_0063_0063.jpg 1 5 27 63 63
0746_0036_0033_0044_0044.jpg 1 36 33 44 44
0747_0015_0051_0039_0039.jpg 1 15 51 39 39
0748_0034_0048_0027_0027.jpg 1 34 48 27 27
0749_0037_0052_0033_0033.jpg 1 37 52 33 33
0750_0008_0018_0045_0045.jpg 1 8 18 45 45
0751_0018_0041_0029_0029.jpg 1 18 41 29 29
0752_0033_0042_0048_0048.jpg 1 33 42 48 48
0753_0006_0017_0046_0046.jpg 1 6 17 46 46
0754_0028_0051_0024_0024.jpg 1 28 51 24 24
0755_0038_0016_0047_0047.jpg 1 38 16 47 47
0756_0039_0034_0048_0048.jpg 1 39 34 48 48
0757_0032_0039_0031_0031.jpg 1 32 39 31 31
0758_0010_0029_0033_0033.jpg 1 10 29 33 33
0759_0026_0060_0032_0032.jpg 1 26 60 32 32
0760_0007_0020_0031_0031.jpg 1 7 20 31 31
0761_0022_0032_0043_0043.jpg 1 22 32 43 43
0762_0013_0013_0034_0034.jpg 1 13 13 34 34
0763_0010_0015_0066_0066.jpg 1 10 15 66 66
0764_0020_0023_0026_0026.jpg 1 20 23 26 26
0765_0051_0062_0029_0029.jpg 1 51 62 29 29
0766_0024_0009_0058_0058.jpg 1 24 9 58 58
0767_0029_0012_0039_0039.jpg 1 29 12 39 39
0768_0006_0007_0051_0051.jpg 1 6 7 51 51
0769_0021_0049_0028_0028.jpg 1 21 49 28 28
0770_0036_0025_0040_0040.jpg 1 36 25 40 40
0771_0013_0032_0030_0030.jpg 1 13 32 30 30
0772_0017_0038_0050_0050.jpg 1 17 38 50 50
0773_0017_0008_0067_0067.jpg 1 17 8 67 67
0774_0019_0019_0062_0062.jpg 1 19 19 62 62
0775_0004_0005_0058_0058.jpg 1 4 5 58 58
0776_0011_0041_0047_0047.jpg 1 11 41 47 47
0777_0018_0025_0067_0067.jpg 1 18 25 67 67
0778_0056_0059_0030_0030.jpg 1 56 59 30 30
0779_0029_0018_0061_0061.jpg 1 29 18 61 61
0780_0057_0055_0032_0032.jpg 1 57 55 32 32
0781_0018_0028_0059_0059.jpg 1 18 28 59 59
0782_0016_0017_0043_0043.jpg 1 16 17 43 43
0783_0032_0009_0056_0056.jpg 1 32 9 56 56
0784_0034_0038_0056_0056.jpg 1 34 38 56 56
0785_0006_0019_0068_0068.jpg 1 6 19 68 68
0786_0045_0029_0040_0040.jpg 1 45 29 40 40
0787_0015_0042_0048_0048.jpg 1 15 42 48 48
0788_0011_0015_0062_0062.jpg 1 11 15 62 62
0789_0050_0032_0040_0040.jpg 1 50 32 40 40
0790_0037_0040_0026_0026.jpg 1 37 40 26 26
0791_0028_0012_0067_0067.jpg 1 28 12 67 67
0792_0018_0030_0057_0057.jpg 1 18 30 57 57
0793_0051_0044_0028_0028.jpg 1 51 44 28 28
0794_0011_0029_0063_0063.jpg 1 11 29 63 63
0795_0037_0047_0040_0040.jpg 1 37 47 40 40
0796_0032_0038_0045_0045.jpg 1 32 38 45 45
0797_0012_0028_0047_0047.jpg 1 12 28 47 47
0798_0011_0024_0029_0029.jpg 1 11 24 29 29
0799_0009_0022_0068_0068.jpg 1 9 22 68 68
0800_0043_0019_0043_0043.jpg 1 43 19 43 43
0801_0056_0041_0037_0037.jpg 1 56 41 37 37
0802_0035_0039_0050_0050.jpg 1 35 39 50 50
0803_0007_0022_0067_0067.jpg 1 7 22 67 67
0804_0044_0022_0025_0025.jpg 1 44 22 25 25
0805_0009_0020_0055_0055.jpg 1 9 20 55 55
0806_0019_0032_0034_0034.jpg 1 19 32 34 34
0807_0029_0063_0027_0027.jpg 1 29 63 27 27
0808_0004_0019_0069_0069.jpg 1 4 19 69 69
0809_0012_0022_0034_0034.jpg 1 12 22 34 34
0810_0028_0005_0046_0046.jpg 1 28 5 46 46
0811_0021_0047_0032_0032.jpg 1 21 47 32 32
0812_0033_0013_0043_0043.jpg 1 33 13 43 43
0813_0006_0036_0035_0035.jpg 1 6 36 35 35
0814_0004_0019_0057_0057.jpg 1 4 19 57 57
0815_0044_0025_0029_0029.jpg 1 44 25 29 29
0816_0003_0019_0069_0069.jpg 1 3 19 69 69
0817_0004_0034_0061_0061.jpg 1 4 34 61 61
0818_0007_0044_0047_0047.jpg 1 7 44 47 47
0819_0045_0048_0032_0032.jpg 1 45 48 32 32
0820_0027_0052_0037_0037.jpg 1 27 52 37 37
0821_0004_0013_0068_0068.jpg 1 4 13 68 68
0822_0020_0026_0026_0026.jpg 1 20 26 26 26
0823_0016_0026_0063_0063.jpg 1 16 26 63 63
0824_0028_0027_0045_0045.jpg 1 28 27 45 45
0825_0048_0022_0036_0036.jpg 1 48 22 36 36
0826_0050_0030_0032_0032.jpg 1 50 30 32 32
0827_0051_0026_0027_0027.jpg 1 51 26 27 27
0828_0018_0013_0069_0069.jpg 1 18 13 69 69
0829_0041_0019_0036_0036.jpg 1 41 19 36 36
0830_0027_0004_0059_0059.jpg 1 27 4 59 59
0831_0008_0041_0051_0051.jpg 1 8 41 51 51
0832_0026_0009_0066_0066.jpg 1 26 9 66 66
0833_0016_0013_0054_0054.jpg 1 16 13 54 54
0834_0013_0022_0069_0069.jpg 1 13 22 69 69
0835_0020_0004_0064_0064.jpg 1 20 4 64 64
0836_0017_0012_0031_0031.jpg 1 17 12 31 31
0837_0010_0031_0047_0047.jpg 1 10 31 47 47
0838_0010_0027_0037_0037.jpg 1 10 27 37 37
0839_0017_0055_0035_0035.jpg 1 17 55 35 35
0840_0041_0009_0042_0042.jpg 1 41 9 42 42
0841_0014_0046_0026_0026.jpg 1 14 46 26 26
0842_0027_0008_0048_0048.jpg 1 27 8 48 48
0843_0016_0032_0055_0055.jpg 1 16 32 55 55
0844_0015_0028_0064_0064.jpg 1 15 28 64 64
0845_0017_0053_0034_0034.jpg 1 17 53 34 34
0846_0011_0006_0055_0055.jpg 1 11 6 55 55
0847_0019_0032_0062_0062.jpg 1 19 32 62 62
0848_0008_0029_0056_0056.jpg 1 8 29 56 56
0849_0013_0033_0039_0039.jpg 1 13 33 39 39
0850_0029_0022_0059_0059.jpg 1 29 22 59 59
0851_0038_0020_0048_0048.jpg 1 38 20 48 48
0852_0030_0013_0064_0064.jpg 1 30 13 64 64
0853_0018_0032_0037_0037.jpg 1 18 32 37 37
0854_0032_0032_0055_0055.jpg 1 32 32 55 55
0855_0013_0058_0026_0026.jpg 1 13 58 26 26
0856_0044_0037_0033_0033.jpg 1 44 37 33 33
0857_0007_0021_0048_0048.jpg 1 7 21 48 48
0858_0057_0027_0031_0031.jpg 1 57 27 31 31
0859_0013_0021_0035_0035.jpg 1 13 21 35 35
0860_0024_0018_0060_0060.jpg 1 24 18 60 60
0861_0026_0021_0037_0037.jpg 1 26 21 37 37
0862_0004_0026_0061_0061.jpg 1 4 26 61 61
0863_0037_0009_0058_0058.jpg 1 37 9 58 58
0864_0035_0012_0058_0058.jpg 1 35 12 58 58
0865_0023_0008_0030_0030.jpg 1 23 8 30 30
0866_0016_0031_0042_0042.jpg 1 16 31 42 42
0867_0026_0004_0057_0057.jpg 1 26 4 57 57
0868_0030_0040_0035_0035.jpg 1 30 40 35 35
0869_0013_0023_0066_0066.jpg 1 13 23 66 66
0870_0023_0060_0027_0027.jpg 1 23 60 27 27
0871_0012_0009_0061_0061.jpg 1 12 9 61 61
0872_0019_0010_0067_0067.jpg 1 19 10 67 67
0873_0008_0012_0066_0066.jpg 1 8 12 66 66
0874_0023_0023_0064_0064.jpg 1 23 23 64 64
0875_0032_0046_0038_0038.jpg 1 32 46 38 38
0876_0016_0044_0040_0040.jpg 1 16 44 40 40
0877_0031_0059_0026_0026.jpg 1 31 59 26 26
0878_0015_0012_0047_0047.jpg 1 15 12 47 47
0879_0025_0045_0033_0033.jpg 1 25 45 33 33
0880_0054_0025_0034_0034.jpg 1 54 25 34 34
0881_0022_0008_0039_0039.jpg 1 22 8 39 39
0882_0055_0039_0034_0034.jpg 1 55 39 34 34
0883_0027_0017_0032_0032.jpg 1 27 17 32 32
0884_0009_0006_0051_0051.jpg 1 9 6 51 51
0885_0004_0004_0061_0061.jpg 1 4 4 61 61
0886_0029_0019_0056_0056.jpg 1 29 19 56 56
0887_0018_0010_0050_0050.jpg 1 18 10 50 50
0888_0029_0007_0026_0026.jpg 1 29 7 26 26
0889_0036_0028_0042_0042.jpg 1 36 28 42 42
0890_0013_0018_0051_0051.jpg 1 13 18 51 51
0891_0035_0032_0042_0042.jpg 1 35 32 42 42
0892_0014_0051_0029_0029.jpg 1 14 51 29 29
0893_0030_0037_0042_0042.jpg 1 30 37 42 42
0894_0036_0025_0044_0044.jpg 1 36 25 44 44
0895_0026_0063_0026_0026.jpg 1 26 63 26 26
0896_0031_0009_0025_0025.jpg 1 31 9 25 25
0897_0040_0012_0025_0025.jpg 1 40 12 25 25
0898_0045_0029_0041_0041.jpg 1 45 29 41 41
0899_0024_0009_0065_0065.jpg 1 24 9 65 65
0900_0032_0016_0031_0031.jpg 1 32 16 31 31
0901_0033_0049_0035_0035.jpg 1 33 49 35 35
0902_0035_0055_0034_0034.jpg 1 35 55 34 34
0903_0041_0033_0040_0040.jpg 1 41 33 40 40
0904_0010_0031_0065_0065.jpg 1 10 31 65 65
0905_0033_0014_0041_0041.jpg 1 33 14 41 41
0906_0014_0044_0036_0036.jpg 1 14 44 36 36
0907_0013_0036_0051_0051.jpg 1 13 36 51 51
0908_0038_0045_0048_0048.jpg 1 38 45 48 48
0909_0051_0052_0031_0031.jpg 1 51 52 31 31
0910_0027_0016_0067_0067.jpg 1 27 16 67 67
0911_0065_0008_0027_0027.jpg 1 65 8 27 27
0912_0035_0036_0034_0034.jpg 1 35 36 34 34
0913_0044_0060_0026_0026.jpg 1 44 60 26 26
0914_0037_0014_0057_0057.jpg 1 37 14 57 57
0915_0009_0045_0043_0043.jpg 1 9 45 43 43
0916_0029_0005_0049_0049.jpg 1 29 5 49 49
0917_0034_0030_0052_0052.jpg 1 34 30 52 52
0918_0022_0014_0053_0053.jpg 1 22 14 53 53
0919_0018_0004_0062_0062.jpg 1 18 4 62 62
0920_0033_0036_0053_0053.jpg 1 33 36 53 53
0921_0014_0042_0032_0032.jpg 1 14 42 32 32
0922_0007_0005_0064_0064.jpg 1 7 5 64 64
0923_0026_0013_0064_0064.jpg 1 26 13 64 64
0924_0007_0023_0061_0061.jpg 1 7 23 61 61
0925_0041_0035_0043_0043.jpg 1 41 35 43 43
0926_0018_0012_0037_0037.jpg 1 18 12 37 37
0927_0023_0025_0062_0062.jpg 1 23 25 62 62
0928_0049_0033_0043_0043.jpg 1 49 33 43 43
0929_0046_0009_0044_0044.jpg 1 46 9 44 44
0930_0037_0047_0026_0026.jpg 1 37 47 26 26
0931_0055_0055_0027_0027.jpg 1 55 55 27 27
0932_0027_0033_0034_0034.jpg 1 27 33 34 34
0933_0020_0018_0037_0037.jpg 1 20 18 37 37
0934_0038_0033_0034_0034.jpg 1 38 33 34 34
0935_0011_0026_0059_0059.jpg 1 11 26 59 59
0936_0044_0011_0026_0026.jpg 1 44 11 26 26
0937_0017_0028_0061_0061.jpg 1 17 28 61 61
0938_0023_0037_0031_0031.jpg 1 23 37 31 31
0939_0040_0028_0047_0047.jpg 1 40 28 47 47
0940_0010_0019_0045_0045.jpg 1 10 19 45 45
0941_0021_0005_0059_0059.jpg 1 21 5 59 59
0942_0026_0030_0054_0054.jpg 1 26 30 54 54
0943_0049_0013_0032_0032.jpg 1 49 13 32 32
0944_0004_0017_0066_0066.jpg 1 4 17 66 66
0945_0047_0053_0034_0034.jpg 1 47 53 34 34
0946_0010_0024_0050_0050.jpg 1 10 24 50 50
0947_0036_0031_0053_0053.jpg 1 36 31 53 53
0948_0010_0039_0051_0051.jpg 1 10 39 51 51
0949_0010_0027_0069_0069.jpg 1 10 27 69 69
0950_0027_0016_0035_0035.jpg 1 27 16 35 35
0951_0010_0029_0067_0067.jpg 1 10 29 67 67
0952_0030_0037_0051_0051.jpg 1 30 37 51 51
0953_0036_0023_0044_0044.jpg 1 36 23 44 44
0954_0028_0035_0049_0049.jpg 1 28 35 49 49
0955_0039_0027_0034_0034.jpg 1 39 27 34 34
0956_0021_0032_0024_0024.jpg 1 21 32 24 24
0957_0060_0019_0028_0028.jpg 1 60 19 28 28
0958_0022_0059_0031_0031.jpg 1 22 59 31 31
0959_0053_0036_0034_0034.jpg 1 53 36 34 34
0960_0007_0038_0054_0054.jpg 1 7 38 54 54
0961_0008_0013_0025_0025.jpg 1 8 13 25 25
0962_0020_0036_0037_0037.jpg 1 20 36 37 37
0963_0063_0009_0024_0024.jpg 1 63 9 24 24
0964_0019_0058_0031_0031.jpg 1 19 58 31 31
0965_0017_0013_0039_0039.jpg 1 17 13 39 39
0966_0050_0044_0041_0041.jpg 1 50 44 41 41
0967_0035_0014_0038_0038.jpg 1 35 14 38 38
0968_0021_0005_0069_0069.jpg 1 21 5 69 69
0969_0006_0027_0055_0055.jpg 1 6 27 55 55
0970_0010_0039_0046_0046.jpg 1 10 39 46 46
0971_0041_0018_0045_0045.jpg 1 41 18 45 45
0972_0011_0033_0059_0059.jpg 1 11 33 59 59
0973_0030_0023_0051_0051.jpg 1 30 23 51 51
0974_0013_0045_0040_0040.jpg 1 13 45 40 40
0975_0028_0046_0030_0030.jpg 1 28 46 30 30
0976_0029_0027_0059_0059.jpg 1 29 27 59 59
0977_0005_0027_0050_0050.jpg 1 5 27 50 50
0978_0015_0023_0061_0061.jpg 1 15 23 61 61
0979_0021_0034_0037_0037.jpg 1 21 34 37 37
0980_0046_0038_0031_0031.jpg 1 46 38 31 31
0981_0023_0022_0063_0063.jpg 1 23 22 63 63
0982_0037_0042_0046_0046.jpg 1 37 42 46 46
0983_0022_0028_0030_0030.jpg 1 22 28 30 30
0984_0006_0030_0050_0050.jpg 1 6 30 50 50
0985_0053_0047_0040_0040.jpg 1 53 47 40 40
0986_0030_0037_0045_0045.jpg 1 30 37 45 45
0987_0050_0049_0042_0042.jpg 1 50 49 42 42
0988_0042_0038_0033_0033.jpg 1 42 38 33 33
0989_0011_0029_0037_0037.jpg 1 11 29 37 37
0990_0043_0040_0046_0046.jpg 1 43 40 46 46
0991_0008_0034_0038_0038.jpg 1 8 34 38 38
0992_0006_0006_0053_0053.jpg 1 6 6 53 53
0993_0050_0027_0035_0035.jpg 1 50 27 35 35
0994_0026_0030_0047_0047.jpg 1 26 30 47 47
0995_0018_0012_0046_0046.jpg 1 18 12 46 46
0996_0020_0020_0052_0052.jpg 1 20 20 52 52
0997_0027_0012_0036_0036.jpg 1 27 12 36 36
0998_0046_0013_0036_0036.jpg 1 46 13 36 36
0999_0048_0010_0032_0032.jpg 1 48 10 32 32
1000_0009_0035_0047_0047.jpg 1 9 35 47 47
1001_0046_0019_0036_0036.jpg 1 46 19 36 36
1002_0029_0036_0054_0054.jpg 1 29 36 54 54
1003_0029_0016_0058_0058.jpg 1 29 16 58 58
1004_0021_0024_0052_0052.jpg 1 21 24 52 52
1005_0018_0031_0058_0058.jpg 1 18 31 58 58
1006_0060_0037_0029_0029.jpg 1 60 37 29 29
1007_0007_0042_0027_0027.jpg 1 7 42 27 27
1008_0031_0032_0064_0064.jpg 1 31 32 64 64
1009_0024_0026_0028_0028.jpg 1 24 26 28 28
1010_0027_0009_0069_0069.jpg 1 27 9 69 69
1011_0017_0021_0064_0064.jpg 1 17 21 64 64
1012_0012_0011_0050_0050.jpg 1 12 11 50 50
1013_0006_0021_0051_0051.jpg 1 6 21 51 51
1014_0060_0046_0029_0029.jpg 1 60 46 29 29
1015_0015_0023_0061_0061.jpg 1 15 23 61 61
1016_0046_0008_0042_0042.jpg 1 46 8 42 42
1017_0029_0015_0061_0061.jpg 1 29 15 61 61
1018_0019_0030_0057_0057.jpg 1 19 30 57 57
1019_0020_0020_0046_0046.jpg 1 20 20 46 46
1020_0033_0006_0058_0058.jpg 1 33 6 58 58
1021_0037_0013_0052_0052.jpg 1 37 13 52 52
1022_0026_0043_0051_0051.jpg 1 26 43 51 51
1023_0010_0016_0057_0057.jpg 1 10 16 57 57
1024_0010_0006_0067_0067.jpg 1 10 6 67 67
1025_0013_0011_0052_0052.jpg 1 13 11 52 52
1026_0012_0006_0050_0050.jpg 1 12 6 50 50
1027_0049_0043_0042_0042.jpg 1 49 43 42 42
1028_0032_0058_0028_0028.jpg 1 32 58 28 28
1029_0059_0024_0030_0030.jpg 1 59 24 30 30
1030_0021_0021_0031_0031.jpg 1 21 21 31 31
1031_0050_0009_0038_0038.jpg 1 50 9 38 38
1032_0011_0015_0060_0060.jpg 1 11 15 60 60
1033_0027_0019_0054_0054.jpg 1 27 19 54 54
1034_0040_0026_0028_0028.jpg 1 40 26 28 28
1035_0021_0031_0049_0049.jpg 1 21 31 49 49
1036_0031_0036_0057_0057.jpg 1 31 36 57 57
1037_0015_0038_0030_0030.jpg 1 15 38 30 30
1038_0017_0045_0042_0042.jpg 1 17 45 42 42
1039_0010_0010_0054_0054.jpg 1 10 10 54 54
1040_0027_0007_0069_0069.jpg 1 27 7 69 69
1041_0044_0043_0045_0045.jpg 1 44 43 45 45
1042_0021_0009_0050_0050.jpg 1 21 9 50 50
1043_0039_0047_0039_0039.jpg 1 39 47 39 39
1044_0010_0009_0030_0030.jpg 1 10 9 30 30
1045_0057_0049_0030_0030.jpg 1 57 49 30 30
1046_0021_0035_0035_0035.jpg 1 21 35 35 35
1047_0030_0030_0065_0065.jpg 1 30 30 65 65
1048_0009_0021_0024_0024.jpg 1 9 21 24 24
1049_0033_0015_0062_0062.jpg 1 33 15 62 62
1050_0051_0042_0032_0032.jpg 1 51 42 32 32
1051_0020_0024_0048_0048.jpg 1 20 24 48 48
1052_0009_0023_0061_0061.jpg 1 9 23 61 61
1053_0016_0007_0069_0069.jpg 1 16 7 69 69
1054_0041_0030_0033_0033.jpg 1 41 30 33 33
1055_0031_0038_0028_0028.jpg 1 31 38 28 28
1056_0009_0037_0042_0042.jpg 1 9 37 42 42
1057_0030_0010_0030_0030.jpg 1 30 10 30 30
1058_0007_0025_0040_0040.jpg 1 7 25 40 40
1059_0052_0030_0039_0039.jpg 1 52 30 39 39
1060_0016_0018_0041_0041.jpg 1 16 18 41 41
1061_0027_0046_0029_0029.jpg 1 27 46 29 29
1062_0010_0029_0064_0064.jpg 1 10 29 64 64
1063_0019_0026_0068_0068.jpg 1 19 26 68 68
1064_0018_0031_0039_0039.jpg 1 18 31 39 39
1065_0020_0015_0026_0026.jpg 1 20 15 26 26
1066_0023_0025_0049_0049.jpg 1 23 25 49 49
1067_0008_0033_0040_0040.jpg 1 8 33 40 40
1068_0021_0044_0045_0045.jpg 1 21 44 45 45
1069_0031_0035_0049_0049.jpg 1 31 35 49 49
1070_0020_0023_0053_0053.jpg 1 20 23 53 53
1071_0055_0019_0033_0033.jpg 1 55 19 33 33
1072_0006_0026_0050_0050.jpg 1 6 26 50 50
1073_0035_0027_0029_0029.jpg 1 35 27 29 29
1074_0011_0006_0058_0058.jpg 1 11 6 58 58
1075_0023_0009_0060_0060.jpg 1 23 9 60 60
1076_0011_0017_0060_0060.jpg 1 11 17 60 60
1077_0058_0061_0029_0029.jpg 1 58 61 29 29
1078_0022_0015_0041_0041.jpg 1 22 15 41 41
1079_0048_0019_0034_0034.jpg 1 48 19 34 34
1080_0063_0034_0028_0028.jpg 1 63 34 28 28
1081_0019_0005_0054_0054.jpg 1 19 5 54 54
1082_0033_0039_0031_0031.jpg 1 33 39 31 31
1083_0017_0006_0052_0052.jpg 1 17 6 52 52
1084_0005_0021_0058_0058.jpg 1 5 21 58 58
1085_0030_0048_0026_0026.jpg 1 30 48 26 26
1086_0043_0009_0032_0032.jpg 1 43 9 32 32
1087_0031_0025_0033_0033.jpg 1 31 25 33 33
1088_0013_0032_0033_0033.jpg 1 13 32 33 33
1089_0006_0007_0031_0031.jpg 1 6 7 31 31
1090_0034_0045_0038_0038.jpg 1 34 45 38 38
1091_0010_0012_0028_0028.jpg 1 10 12 28 28
1092_0048_0021_0030_0030.jpg 1 48 21 30 30
1093_0031_0030_0048_0048.jpg 1 31 30 48 48
1094_0005_0028_0051_0051.jpg 1 5 28 51 51
1095_0019_0053_0028_0028.jpg 1 19 53 28 28
1096_0014_0043_0046_0046.jpg 1 14 43 46 46
1097_0030_0030_0034_0034.jpg 1 30 30 34 34
1098_0011_0050_0025_0025.jpg 1 11 50 25 25
1099_0012_0046_0029_0029.jpg 1 12 46 29 29
1100_0047_0032_0038_0038.jpg 1 47 32 38 38
1101_0023_0023_0028_0028.jpg 1 23 23 28 28
1102_0007_0019_0063_0063.jpg 1 7 19 63 63
1103_0039_0032_0056_0056.jpg 1 39 32 56 56
1104_0059_0036_0030_0030.jpg 1 59 36 30 30
1105_0012_0028_0061_0061.jpg 1 12 28 61 61
1106_0022_0006_0054_0054.jpg 1 22 6 54 54
1107_0015_0027_0046_0046.jpg 1 15 27 46 46
1108_0007_0055_0024_0024.jpg 1 7 55 24 24
1109_0010_0027_0032_0032.jpg 1 10 27 32 32
1110_0050_0028_0036_0036.jpg 1 50 28 36 36
1111_0034_0019_0025_0025.jpg 1 34 19 25 25
1112_0019_0058_0025_0025.jpg 1 19 58 25 25
1113_0013_0005_0052_0052.jpg 1 13 5 52 52
1114_0010_0034_0045_0045.jpg 1 10 34 45 45
1115_0043_0006_0037_0037.jpg 1 43 6 37 37
1116_0017_0019_0061_0061.jpg 1 17 19 61 61
1117_0028_0005_0061_0061.jpg 1 28 5 61 61
1118_0020_0032_0054_0054.jpg 1 20 32 54 54
1119_0045_0011_0044_0044.jpg 1 45 11 44 44
1120_0038_0012_0052_0052.jpg 1 38 12 52 52
1121_0030_0028_0058_0058.jpg 1 30 28 58 58
1122_0011_0026_0069_0069.jpg 1 11 26 69 69
1123_0038_0037_0028_0028.jpg 1 38 37 28 28
1124_0007_0034_0050_0050.jpg 1 7 34 50 50
1125_0032_0026_0063_0063.jpg 1 32 26 63 63
1126_0017_0024_0067_0067.jpg 1 17 24 67 67
1127_0034_0015_0043_0043.jpg 1 34 15 43 43
1128_0025_0021_0068_0068.jpg 1 25 21 68 68
1129_0018_0043_0035_0035.jpg 1 18 43 35 35
1130_0013_0018_0061_0061.jpg 1 13 18 61 61
1131_0011_0046_0035_0035.jpg 1 11 46 35 35
1132_0019_0013_0061_0061.jpg 1 19 13 61 61
1133_0033_0017_0062_0062.jpg 1 33 17 62 62
1134_0017_0005_0067_0067.jpg 1 17 5 67 67
1135_0035_0061_0027_0027.jpg 1 35 61 27 27
1136_0052_0044_0029_0029.jpg 1 52 44 29 29
1137_0036_0026_0027_0027.jpg 1 36 26 27 27
1138_0036_0051_0032_0032.jpg 1 36 51 32 32
1139_0057_0028_0031_0031.jpg 1 57 28 31 31
1140_0005_0023_0067_0067.jpg 1 5 23 67 67
1141_0018_0033_0029_0029.jpg 1 18 33 29 29
1142_0051_0022_0036_0036.jpg 1 51 22 36 36
1143_0026_0006_0062_0062.jpg 1 26 6 62 62
1144_0015_0026_0069_0069.jpg 1 15 26 69 69
1145_0006_0024_0065_0065.jpg 1 6 24 65 65
1146_0017_0014_0030_0030.jpg 1 17 14 30 30
1147_0034_0039_0050_0050.jpg 1 34 39 50 50
1148_0052_0050_0035_0035.jpg 1 52 50 35 35
1149_0027_0019_0067_0067.jpg 1 27 19 67 67
1150_0014_0046_0030_0030.jpg 1 14 46 30 30
1151_0020_0037_0054_0054.jpg 1 20 37 54 54
1152_0028_0034_0024_0024.jpg 1 28 34 24 24
1153_0037_0019_0044_0044.jpg 1 37 19 44 44
1154_0040_0056_0036_0036.jpg 1 40 56 36 36
1155_0039_0034_0053_0053.jpg 1 39 34 53 53
1156_0009_0040_0050_0050.jpg 1 9 40 50 50
1157_0010_0028_0042_0042.jpg 1 10 28 42 42
1158_0017_0023_0060_0060.jpg 1 17 23 60 60
1159_0013_0008_0055_0055.jpg 1 13 8 55 55
1160_0011_0026_0024_0024.jpg 1 11 26 24 24
1161_0015_0031_0032_0032.jpg 1 15 31 32 32
1162_0014_0015_0069_0069.jpg 1 14 15 69 69
1163_0012_0020_0057_0057.jpg 1 12 20 57 57
1164_0023_0016_0068_0068.jpg 1 23 16 68 68
1165_0055_0062_0029_0029.jpg 1 55 62 29 29
1166_0027_0007_0069_0069.jpg 1 27 7 69 69
1167_0026_0022_0045_0045.jpg 1 26 22 45 45
1168_0056_0016_0027_0027.jpg 1 56 16 27 27
1169_0035_0026_0035_0035.jpg 1 35 26 35 35
1170_0011_0046_0039_0039.jpg 1 11 46 39 39
1171_0031_0008_0047_0047.jpg 1 31 8 47 47
1172_0041_0019_0048_0048.jpg 1 41 19 48 48
1173_0025_0031_0043_0043.jpg 1 25 31 43 43
1174_0017_0020_0069_0069.jpg 1 17 20 69 69
1175_0016_0026_0068_0068.jpg 1 16 26 68 68
1176_0031_0014_0034_0034.jpg 1 31 14 34 34
1177_0055_0032_0030_0030.jpg 1 55 32 30 30
1178_0028_0029_0026_0026.jpg 1 28 29 26 26
1179_0012_0012_0057_0057.jpg 1 12 12 57 57
1180_0009_0017_0034_0034.jpg 1 9 17 34 34
1181_0006_0014_0069_0069.jpg 1 6 14 69 69
1182_0023_0024_0057_0057.jpg 1 23 24 57 57
1183_0028_0016_0034_0034.jpg 1 28 16 34 34
1184_0005_0010_0069_0069.jpg 1 5 10 69 69
1185_0005_0013_0065_0065.jpg 1 5 13 65 65
1186_0022_0014_0060_0060.jpg 1 22 14 60 60
1187_0064_0016_0027_0027.jpg 1 64 16 27 27
1188_0022_0007_0056_0056.jpg 1 22 7 56 56
1189_0026_0030_0055_0055.jpg 1 26 30 55 55
1190_0039_0056_0033_0033.jpg 1 39 56 33 33
1191_0020_0046_0043_0043.jpg 1 20 46 43 43
1192_0013_0026_0053_0053.jpg 1 13 26 53 53
1193_0012_0046_0024_0024.jpg 1 12 46 24 24
1194_0016_0020_0057_0057.jpg 1 16 20 57 57
1195_0023_0026_0060_0060.jpg 1 23 26 60 60
1196_0008_0037_0048_0048.jpg 1 8 37 48 48
1197_0006_0018_0069_0069.jpg 1 6 18 69 69
1198_0009_0013_0062_0062.jpg 1 9 13 62 62
1199_0045_0011_0029_0029.jpg 1 45 11 29 29
1200_0026_0048_0031_0031.jpg 1 26 48 31 31
1201_0021_0016_0062_0062.jpg 1 21 16 62 62
1202_0030_0022_0064_0064.jpg 1 30 22 64 64
1203_0007_0039_0049_0049.jpg 1 7 39 49 49
1204_0028_0027_0047_0047.jpg 1 28 27 47 47
1205_0012_0014_0061_0061.jpg 1 12 14 61 61
1206_0027_0008_0060_0060.jpg 1 27 8 60 60
1207_0020_0011_0064_0064.jpg 1 20 11 64 64
1208_0034_0026_0037_0037.jpg 1 34 26 37 37
1209_0008_0014_0050_0050.jpg 1 8 14 50 50
1210_0012_0018_0054_0054.jpg 1 12 18 54 54
1211_0045_0015_0039_0039.jpg 1 45 15 39 39
1212_0060_0011_0026_0026.jpg 1 60 11 26 26
1213_0023_0021_0056_0056.jpg 1 23 21 56 56
1214_0031_0010_0062_0062.jpg 1 31 10 62 62
1215_0014_0039_0045_0045.jpg 1 14 39 45 45
1216_0034_0023_0053_0053.jpg 1 34 23 53 53
1217_0005_0014_0056_0056.jpg 1 5 14 56 56
1218_0008_0006_0060_0060.jpg 1 8 6 60 60
1219_0009_0024_0042_0042.jpg 1 9 24 42 42
1220_0010_0030_0061_0061.jpg 1 10 30 61 61
1221_0020_0035_0033_0033.jpg 1 20 35 33 33
1222_0034_0009_0061_0061.jpg 1 34 9 61 61
1223_0038_0021_0052_0052.jpg 1 38 21 52 52
1224_0061_0068_0024_0024.jpg 1 61 68 24 24
1225_0019_0024_0069_0069.jpg 1 19 24 69 69
1226_0049_0059_0028_0028.jpg 1 49 59 28 28
1227_0026_0044_0027_0027.jpg 1 26 44 27 27
1228_0042_0064_0024_0024.jpg 1 42 64 24 24
1229_0055_0064_0025_0025.jpg 1 55 64 25 25
1230_0025_0008_0057_0057.jpg 1 25 8 57 57
1231_0024_0024_0045_0045.jpg 1 24 24 45 45
1232_0032_0028_0033_0033.jpg 1 32 28 33 33
1233_0019_0019_0031_0031.jpg 1 19 19 31 31
1234_0035_0031_0053_0053.jpg 1 35 31 53 53
1235_0010_0031_0053_0053.jpg 1 10 31 53 53
1236_0033_0034_0056_0056.jpg 1 33 34 56 56
1237_0028_0046_0031_0031.jpg 1 28 46 31 31
1238_0038_0016_0038_0038.jpg 1 38 16 38 38
1239_0016_0019_0068_0068.jpg 1 16 19 68 68
1240_0008_0030_0043_0043.jpg 1 8 30 43 43
1241_0015_0010_0024_0024.jpg 1 15 10 24 24
1242_0010_0012_0034_0034.jpg 1 10 12 34 34
1243_0063_0043_0025_0025.jpg 1 63 43 25 25
1244_0017_0045_0032_0032.jpg 1 17 45 32 32
1245_0026_0014_0026_0026.jpg 1 26 14 26 26
1246_0062_0045_0029_0029.jpg 1 62 45 29 29
1247_0030_0029_0031_0031.jpg 1 30 29 31 31
1248_0026_0050_0034_0034.jpg 1 26 50 34 34
1249_0049_0059_0028_0028.jpg 1 49 59 28 28
1250_0026_0012_0061_0061.jpg 1 26 12 61 61
1251_0016_0038_0046_0046.jpg 1 16 38 46 46
1252_0033_0018_0029_0029.jpg 1 33 18 29 29
1253_0064_0064_0027_0027.jpg 1 64 64 27 27
1254_0024_0016_0059_0059.jpg 1 24 16 59 59
1255_0017_0031_0047_0047.jpg 1 17 31 47 47
1256_0018_0024_0046_0046.jpg 1 18 24 46 46
1257_0008_0006_0068_0068.jpg 1 8 6 68 68
1258_0040_0046_0037_0037.jpg 1 40 46 37 37
1259_0029_0026_0062_0062.jpg 1 29 26 62 62
1260_0007_0021_0037_0037.jpg 1 7 21 37 37
1261_0014_0021_0066_0066.jpg 1 14 21 66 66
1262_0014_0018_0039_0039.jpg 1 14 18 39 39
1263_0045_0040_0037_0037.jpg 1 45 40 37 37
1264_0015_0021_0059_0059.jpg 1 15 21 59 59
1265_0051_0032_0025_0025.jpg 1 51 32 25 25
1266_0015_0018_0058_0058.jpg 1 15 18 58 58
1267_0033_0007_0053_0053.jpg 1 33 7 53 53
1268_0028_0012_0037_0037.jpg 1 28 12 37 37
1269_0013_0041_0027_0027.jpg 1 13 41 27 27
1270_0015_0022_0053_0053.jpg 1 15 22 53 53
1271_0022_0056_0029_0029.jpg 1 22 56 29 29
1272_0047_0055_0036_0036.jpg 1 47 55 36 36
1273_0010_0027_0029_0029.jpg 1 10 27 29 29
1274_0024_0045_0034_0034.jpg 1 24 45 34 34
1275_0019_0049_0027_0027.jpg 1 19 49 27 27
1276_0024_0046_0044_0044.jpg 1 24 46 44 44
1277_0008_0012_0068_0068.jpg 1 8 12 68 68
1278_0026_0027_0050_0050.jpg 1 26 27 50 50
1279_0039_0033_0043_0043.jpg 1 39 33 43 43
1280_0008_0020_0054_0054.jpg 1 8 20 54 54
1281_0027_0020_0061_0061.jpg 1 27 20 61 61
1282_0012_0020_0065_0065.jpg 1 12 20 65 65
1283_0011_0028_0059_0059.jpg 1 11 28 59 59
1284_0039_0055_0028_0028.jpg 1 39 55 28 28
1285_0026_0025_0054_0054.jpg 1 26 25 54 54
1286_0013_0005_0065_0065.jpg 1 13 5 65 65
1287_0027_0052_0033_0033.jpg 1 27 52 33 33
1288_0006_0042_0052_0052.jpg 1 6 42 52 52
1289_0021_0017_0065_0065.jpg 1 21 17 65 65
1290_0039_0058_0029_0029.jpg 1 39 58 29 29
1291_0020_0048_0046_0046.jpg 1 20 48 46 46
1292_0037_0038_0034_0034.jpg 1 37 38 34 34
1293_0044_0040_0026_0026.jpg 1 44 40 26 26
1294_0014_0029_0057_0057.jpg 1 14 29 57 57
1295_0009_0045_0042_0042.jpg 1 9 45 42 42
1296_0021_0031_0060_0060.jpg 1 21 31 60 60
1297_0062_0010_0030_0030.jpg 1 62 10 30 30
1298_0033_0040_0054_0054.jpg 1 33 40 54 54
1299_0027_0009_0048_0048.jpg 1 27 9 48 48
1300_0035_0012_0059_0059.jpg 1 35 12 59 59
1301_0037_0016_0056_0056.jpg 1 37 16 56 56
1302_0009_0010_0055_0055.jpg 1 9 10 55 55
1303_0009_0054_0029_0029.jpg 1 9 54 29 29
1304_0044_0017_0039_0039.jpg 1 44 17 39 39
1305_0038_0008_0037_0037.jpg 1 38 8 37 37
1306_0059_0029_0029_0029.jpg 1 59 29 29 29
1307_0053_0034_0036_0036.jpg 1 53 34 36 36
1308_0022_0020_0063_0063.jpg 1 22 20 63 63
1309_0055_0028_0033_0033.jpg 1 55 28 33 33
1310_0005_0007_0065_0065.jpg 1 5 7 65 65
1311_0023_0017_0050_0050.jpg 1 23 17 50 50
1312_0030_0024_0062_0062.jpg 1 30 24 62 62
1313_0059_0018_0025_0025.jpg 1 59 18 25 25
1314_0003_0022_0067_0067.jpg 1 3 22 67 67
1315_0020_0016_0050_0050.jpg 1 20 16 50 50
1316_0031_0010_0039_0039.jpg 1 31 10 39 39
1317_0044_0027_0024_0024.jpg 1 44 27 24 24
1318_0040_0014_0035_0035.jpg 1 40 14 35 35
1319_0029_0010_0059_0059.jpg 1 29 10 59 59
1320_0007_0025_0068_0068.jpg 1 7 25 68 68
1321_0059_0028_0029_0029.jpg 1 59 28 29 29
1322_0009_0030_0048_0048.jpg 1 9 30 48 48
1323_0010_0035_0042_0042.jpg 1 10 35 42 42
1324_0053_0026_0033_0033.jpg 1 53 26 33 33
1325_0014_0014_0060_0060.jpg 1 14 14 60 60
1326_0020_0032_0061_0061.jpg 1 20 32 61 61
1327_0032_0013_0054_0054.jpg 1 32 13 54 54
1328_0006_0046_0044_0044.jpg 1 6 46 44 44
1329_0006_0012_0065_0065.jpg 1 6 12 65 65
1330_0047_0019_0024_0024.jpg 1 47 19 24 24
1331_0011_0007_0057_0057.jpg 1 11 7 57 57
1332_0012_0026_0060_0060.jpg 1 12 26 60 60
1333_0017_0036_0053_0053.jpg 1 17 36 53 53
1334_0017_0023_0053_0053.jpg 1 17 23 53 53
1335_0017_0020_0060_0060.jpg 1 17 20 60 60
1336_0026_0013_0034_0034.jpg 1 26 13 34 34
1337_0026_0010_0052_0052.jpg 1 26 10 52 52
1338_0053_0044_0040_0040.jpg 1 53 44 40 40
1339_0033_0013_0050_0050.jpg 1 33 13 50 50
1340_0035_0048_0037_0037.jpg 1 35 48 37 37
1341_0010_0005_0066_0066.jpg 1 10 5 66 66
1342_0045_0024_0039_0039.jpg 1 45 24 39 39
1343_0009_0041_0043_0043.jpg 1 9 41 43 43
1344_0034_0040_0048_0048.jpg 1 34 40 48 48
1345_0023_0014_0050_0050.jpg 1 23 14 50 50
1346_0013_0008_0050_0050.jpg 1 13 8 50 50
1347_0032_0013_0034_0034.jpg 1 32 13 34 34
1348_0046_0023_0033_0033.jpg 1 46 23 33 33
1349_0050_0020_0042_0042.jpg 1 50 20 42 42
1350_0009_0033_0040_0040.jpg 1 9 33 40 40
1351_0022_0020_0069_0069.jpg 1 22 20 69 69
1352_0027_0041_0043_0043.jpg 1 27 41 43 43
1353_0022_0014_0064_0064.jpg 1 22 14 64 64
1354_0007_0006_0057_0057.jpg 1 7 6 57 57
1355_0035_0021_0053_0053.jpg 1 35 21 53 53
1356_0029_0012_0060_0060.jpg 1 29 12 60 60
1357_0033_0051_0040_0040.jpg 1 33 51 40 40
1358_0053_0021_0031_0031.jpg 1 53 21 31 31
1359_0034_0017_0038_0038.jpg 1 34 17 38 38
1360_0028_0024_0029_0029.jpg 1 28 24 29 29
1361_0025_0024_0048_0048.jpg 1 25 24 48 48
1362_0037_0036_0052_0052.jpg 1 37 36 52 52
1363_0049_0038_0038_0038.jpg 1 49 38 38 38
1364_0031_0027_0033_0033.jpg 1 31 27 33 33
1365_0052_0015_0040_0040.jpg 1 52 15 40 40
1366_0028_0017_0067_0067.jpg 1 28 17 67 67
1367_0044_0041_0032_0032.jpg 1 44 41 32 32
1368_0022_0033_0039_0039.jpg 1 22 33 39 39
1369_0018_0026_0064_0064.jpg 1 18 26 64 64
1370_0043_0012_0044_0044.jpg 1 43 12 44 44
1371_0014_0037_0055_0055.jpg 1 14 37 55 55
1372_0028_0036_0054_0054.jpg 1 28 36 54 54
1373_0039_0040_0048_0048.jpg 1 39 40 48 48
1374_0037_0021_0047_0047.jpg 1 37 21 47 47
1375_0032_0009_0031_0031.jpg 1 32 9 31 31
1376_0017_0034_0061_0061.jpg 1 17 34 61 61
1377_0027_0007_0069_0069.jpg 1 27 7 69 69
1378_0033_0044_0047_0047.jpg 1 33 44 47 47
1379_0018_0006_0037_0037.jpg 1 18 6 37 37
1380_0013_0013_0059_0059.jpg 1 13 13 59 59
1381_0007_0030_0061_0061.jpg 1 7 30 61 61
1382_0047_0031_0032_0032.jpg 1 47 31 32 32
1383_0010_0040_0037_0037.jpg 1 10 40 37 37
1384_0024_0035_0058_0058.jpg 1 24 35 58 58
1385_0043_0007_0024_0024.jpg 1 43 7 24 24
1386_0053_0039_0027_0027.jpg 1 53 39 27 27
1387_0033_0049_0035_0035.jpg 1 33 49 35 35
1388_0041_0024_0049_0049.jpg 1 41 24 49 49
1389_0050_0043_0039_0039.jpg 1 50 43 39 39
1390_0023_0005_0050_0050.jpg 1 23 5 50 50
1391_0037_0014_0028_0028.jpg 1 37 14 28 28
1392_0062_0034_0026_0026.jpg 1 62 34 26 26
1393_0019_0049_0039_0039.jpg 1 19 49 39 39
1394_0041_0051_0026_0026.jpg 1 41 51 26 26
1395_0039_0028_0045_0045.jpg 1 39 28 45 45
1396_0012_0031_0052_0052.jpg 1 12 31 52 52
1397_0014_0026_0065_0065.jpg 1 14 26 65 65
1398_0046_0036_0044_0044.jpg 1 46 36 44 44
1399_0039_0024_0028_0028.jpg 1 39 24 28 28
1400_0014_0018_0062_0062.jpg 1 14 18 62 62
1401_0010_0007_0065_0065.jpg 1 10 7 65 65
1402_0005_0006_0058_0058.jpg 1 5 6 58 58
1403_0008_0004_0066_0066.jpg 1 8 4 66 66
1404_0059_0054_0034_0034.jpg 1 59 54 34 34
1405_0027_0032_0031_0031.jpg 1 27 32 31 31
1406_0040_0018_0042_0042.jpg 1 40 18 42 42
1407_0055_0036_0027_0027.jpg 1 55 36 27 27
1408_0011_0034_0036_0036.jpg 1 11 34 36 36
1409_0031_0031_0051_0051.jpg 1 31 31 51 51
1410_0055_0012_0033_0033.jpg 1 55 12 33 33
1411_0024_0011_0068_0068.jpg 1 24 11 68 68
1412_0010_0006_0050_0050.jpg 1 10 6 50 50
1413_0057_0055_0032_0032.jpg 1 57 55 32 32
1414_0034_0016_0054_0054.jpg 1 34 16 54 54
1415_0035_0034_0043_0043.jpg 1 35 34 43 43
1416_0047_0019_0034_0034.jpg 1 47 19 34 34
1417_0030_0023_0061_0061.jpg 1 30 23 61 61
1418_0027_0046_0047_0047.jpg 1 27 46 47 47
1419_0035_0051_0034_0034.jpg 1 35 51 34 34
1420_0010_0006_0065_0065.jpg 1 10 6 65 65
1421_0039_0035_0050_0050.jpg 1 39 35 50 50
1422_0036_0052_0040_0040.jpg 1 36 52 40 40
1423_0024_0059_0029_0029.jpg 1 24 59 29 29
1424_0005_0010_0065_0065.jpg 1 5 10 65 65
1425_0060_0021_0026_0026.jpg 1 60 21 26 26
1426_0011_0022_0038_0038.jpg 1 11 22 38 38
1427_0022_0047_0044_0044.jpg 1 22 47 44 44
1428_0016_0021_0069_0069.jpg 1 16 21 69 69
1429_0057_0061_0031_0031.jpg 1 57 61 31 31
1430_0018_0022_0054_0054.jpg 1 18 22 54 54
1431_0020_0027_0046_0046.jpg 1 20 27 46 46
1432_0039_0039_0037_0037.jpg 1 39 39 37 37
1433_0024_0005_0066_0066.jpg 1 24 5 66 66
1434_0021_0008_0029_0029.jpg 1 21 8 29 29
1435_0033_0041_0050_0050.jpg 1 33 41 50 50
1436_0045_0018_0037_0037.jpg 1 45 18 37 37
1437_0016_0019_0060_0060.jpg 1 16 19 60 60
1438_0040_0021_0052_0052.jpg 1 40 21 52 52
1439_0005_0021_0053_0053.jpg 1 5 21 53 53
1440_0011_0011_0069_0069.jpg 1 11 11 69 69
1441_0029_0004_0061_0061.jpg 1 29 4 61 61
1442_0031_0046_0037_0037.jpg 1 31 46 37 37
1443_0007_0039_0052_0052.jpg 1 7 39 52 52
1444_0026_0010_0058_0058.jpg 1 26 10 58 58
1445_0019_0025_0056_0056.jpg 1 19 25 56 56
1446_0038_0025_0047_0047.jpg 1 38 25 47 47
1447_0012_0039_0037_0037.jpg 1 12 39 37 37
1448_0015_0008_0050_0050.jpg 1 15 8 50 50
1449_0017_0019_0066_0066.jpg 1 17 19 66 66
1450_0007_0026_0044_0044.jpg 1 7 26 44 44
1451_0038_0037_0027_0027.jpg 1 38 37 27 27
1452_0008_0008_0064_0064.jpg 1 8 8 64 64
1453_0047_0025_0024_0024.jpg 1 47 25 24 24
1454_0023_0008_0028_0028.jpg 1 23 8 28 28
1455_0036_0042_0033_0033.jpg 1 36 42 33 33
1456_0016_0014_0053_0053.jpg 1 16 14 53 53
1457_0009_0007_0054_0054.jpg 1 9 7 54 54
1458_0006_0040_0037_0037.jpg 1 6 40 37 37
1459_0012_0025_0048_0048.jpg 1 12 25 48 48
1460_0018_0022_0054_0054.jpg 1 18 22 54 54
1461_0013_0038_0057_0057.jpg 1 13 38 57 57
1462_0023_0006_0059_0059.jpg 1 23 6 59 59
1463_0037_0016_0038_0038.jpg 1 37 16 38 38
1464_0024_0022_0064_0064.jpg 1 24 22 64 64
1465_0032_0015_0051_0051.jpg 1 32 15 51 51
1466_0006_0021_0051_0051.jpg 1 6 21 51 51
1467_0038_0030_0055_0055.jpg 1 38 30 55 55
1468_0025_0026_0034_0034.jpg 1 25 26 34 34
1469_0046_0056_0026_0026.jpg 1 46 56 26 26
1470_0026_0015_0068_0068.jpg 1 26 15 68 68
1471_0024_0015_0036_0036.jpg 1 24 15 36 36
1472_0035_0009_0040_0040.jpg 1 35 9 40 40
1473_0007_0006_0061_0061.jpg 1 7 6 61 61
1474_0047_0032_0038_0038.jpg 1 47 32 38 38
1475_0021_0026_0064_0064.jpg 1 21 26 64 64
1476_0004_0012_0056_0056.jpg 1 4 12 56 56
1477_0056_0027_0037_0037.jpg 1 56 27 37 37
1478_0037_0021_0054_0054.jpg 1 37 21 54 54
1479_0013_0022_0065_0065.jpg 1 13 22 65 65
1480_0040_0013_0035_0035.jpg 1 40 13 35 35
1481_0016_0050_0035_0035.jpg 1 16 50 35 35
1482_0013_0022_0061_0061.jpg 1 13 22 61 61
1483_0022_0013_0058_0058.jpg 1 22 13 58 58
1484_0013_0047_0038_0038.jpg 1 13 47 38 38
1485_0029_0037_0041_0041.jpg 1 29 37 41 41
1486_0057_0058_0029_0029.jpg 1 57 58 29 29
1487_0019_0020_0061_0061.jpg 1 19 20 61 61
1488_0006_0019_0060_0060.jpg 1 6 19 60 60
1489_0006_0017_0050_0050.jpg 1 6 17 50 50
1490_0025_0010_0055_0055.jpg 1 25 10 55 55
1491_0059_0060_0031_0031.jpg 1 59 60 31 31
1492_0056_0065_0025_0025.jpg 1 56 65 25 25
1493_0025_0008_0068_0068.jpg 1 25 8 68 68
1494_0020_0032_0058_0058.jpg 1 20 32 58 58
1495_0014_0026_0067_0067.jpg 1 14 26 67 67
1496_0029_0008_0048_0048.jpg 1 29 8 48 48
1497_0007_0033_0058_0058.jpg 1 7 33 58 58
1498_0013_0019_0034_0034.jpg 1 13 19 34 34
1499_0034_0018_0059_0059.jpg 1 34 18 59 59
1500_0009_0058_0034_0034.jpg 1 9 58 34 34
1501_0005_0005_0060_0060.jpg 1 5 5 60 60
1502_0014_0018_0057_0057.jpg 1 14 18 57 57
1503_0022_0045_0037_0037.jpg 1 22 45 37 37
1504_0022_0020_0036_0036.jpg 1 22 20 36 36
1505_0026_0045_0042_0042.jpg 1 26 45 42 42
1506_0043_0017_0047_0047.jpg 1 43 17 47 47
1507_0018_0016_0043_0043.jpg 1 18 16 43 43
1508_0060_0009_0025_0025.jpg 1 60 9 25 25
1509_0024_0023_0049_0049.jpg 1 24 23 49 49
1510_0055_0030_0036_0036.jpg 1 55 30 36 36
1511_0005_0020_0050_0050.jpg 1 5 20 50 50
1512_0016_0019_0035_0035.jpg 1 16 19 35 35
1513_0018_0023_0065_0065.jpg 1 18 23 65 65
1514_0025_0018_0067_0067.jpg 1 25 18 67 67
1515_0012_0010_0066_0066.jpg 1 12 10 66 66
1516_0021_0009_0065_0065.jpg 1 21 9 65 65
1517_0023_0028_0033_0033.jpg 1 23 28 33 33
1518_0011_0049_0041_0041.jpg 1 11 49 41 41
1519_0055_0053_0032_0032.jpg 1 55 53 32 32
1520_0010_0051_0036_0036.jpg 1 10 51 36 36
1521_0021_0040_0047_0047.jpg 1 21 40 47 47
1522_0012_0029_0062_0062.jpg 1 12 29 62 62
1523_0009_0020_0058_0058.jpg 1 9 20 58 58
1524_0033_0015_0035_0035.jpg 1 33 15 35 35
1525_0023_0054_0038_0038.jpg 1 23 54 38 38
1526_0035_0052_0024_0024.jpg 1 35 52 24 24
1527_0006_0030_0047_0047.jpg 1 6 30 47 47
1528_0020_0025_0048_0048.jpg 1 20 25 48 48
1529_0017_0052_0038_0038.jpg 1 17 52 38 38
1530_0013_0038_0054_0054.jpg 1 13 38 54 54
1531_0034_0043_0031_0031.jpg 1 34 43 31 31
1532_0010_0045_0044_0044.jpg 1 10 45 44 44
1533_0053_0033_0034_0034.jpg 1 53 33 34 34
1534_0022_0048_0032_0032.jpg 1 22 48 32 32
1535_0006_0013_0035_0035.jpg 1 6 13 35 35
1536_0015_0021_0026_0026.jpg 1 15 21 26 26
1537_0021_0016_0037_0037.jpg 1 21 16 37 37
1538_0018_0032_0047_0047.jpg 1 18 32 47 47
1539_0039_0039_0044_0044.jpg 1 39 39 44 44
1540_0021_0014_0063_0063.jpg 1 21 14 63 63
1541_0016_0045_0034_0034.jpg 1 16 45 34 34
1542_0040_0025_0033_0033.jpg 1 40 25 33 33
1543_0007_0014_0056_0056.jpg 1 7 14 56 56
1544_0022_0007_0066_0066.jpg 1 22 7 66 66
1545_0016_0033_0050_0050.jpg 1 16 33 50 50
1546_0018_0035_0026_0026.jpg 1 18 35 26 26
1547_0032_0031_0057_0057.jpg 1 32 31 57 57
1548_0039_0012_0031_0031.jpg 1 39 12 31 31
1549_0024_0030_0055_0055.jpg 1 24 30 55 55
1550_0050_0023_0038_0038.jpg 1 50 23 38 38
1551_0011_0025_0067_0067.jpg 1 11 25 67 67
1552_0013_0032_0047_0047.jpg 1 13 32 47 47
1553_0035_0025_0026_0026.jpg 1 35 25 26 26
1554_0055_0010_0030_0030.jpg 1 55 10 30 30
1555_0021_0034_0057_0057.jpg 1 21 34 57 57
1556_0032_0037_0056_0056.jpg 1 32 37 56 56
1557_0032_0029_0059_0059.jpg 1 32 29 59 59
1558_0023_0031_0058_0058.jpg 1 23 31 58 58
1559_0034_0021_0038_0038.jpg 1 34 21 38 38
1560_0026_0034_0058_0058.jpg 1 26 34 58 58
1561_0012_0006_0063_0063.jpg 1 12 6 63 63
1562_0010_0053_0030_0030.jpg 1 10 53 30 30
1563_0042_0030_0040_0040.jpg 1 42 30 40 40
1564_0030_0026_0062_0062.jpg 1 30 26 62 62
1565_0051_0021_0028_0028.jpg 1 51 21 28 28
1566_0006_0029_0057_0057.jpg 1 6 29 57 57
1567_0018_0026_0062_0062.jpg 1 18 26 62 62
1568_0026_0021_0060_0060.jpg 1 26 21 60 60
1569_0019_0021_0050_0050.jpg 1 19 21 50 50
1570_0018_0020_0051_0051.jpg 1 18 20 51 51
1571_0022_0013_0056_0056.jpg 1 22 13 56 56
1572_0009_0016_0044_0044.jpg 1 9 16 44 44
1573_0049_0025_0039_0039.jpg 1 49 25 39 39
1574_0028_0029_0047_0047.jpg 1 28 29 47 47
1575_0020_0038_0057_0057.jpg 1 20 38 57 57
1576_0066_0039_0026_0026.jpg 1 66 39 26 26
1577_0015_0026_0045_0045.jpg 1 15 26 45 45
1578_0028_0033_0046_0046.jpg 1 28 33 46 46
1579_0027_0030_0039_0039.jpg 1 27 30 39 39
1580_0043_0007_0040_0040.jpg 1 43 7 40 40
1581_0019_0041_0045_0045.jpg 1 19 41 45 45
1582_0063_0026_0027_0027.jpg 1 63 26 27 27
1583_0016_0021_0069_0069.jpg 1 16 21 69 69
1584_0013_0039_0035_0035.jpg 1 13 39 35 35
1585_0055_0059_0024_0024.jpg 1 55 59 24 24
1586_0043_0049_0033_0033.jpg 1 43 49 33 33
1587_0015_0025_0058_0058.jpg 1 15 25 58 58
1588_0038_0047_0046_0046.jpg 1 38 47 46 46
1589_0026_0062_0030_0030.jpg 1 26 62 30 30
1590_0033_0019_0054_0054.jpg 1 33 19 54 54
1591_0012_0024_0068_0068.jpg 1 12 24 68 68
1592_0030_0035_0052_0052.jpg 1 30 35 52 52
1593_0014_0029_0029_0029.jpg 1 14 29 29 29
1594_0029_0017_0036_0036.jpg 1 29 17 36 36
1595_0028_0020_0063_0063.jpg 1 28 20 63 63
1596_0036_0033_0052_0052.jpg 1 36 33 52 52
1597_0023_0029_0064_0064.jpg 1 23 29 64 64
1598_0011_0025_0029_0029.jpg 1 11 25 29 29
1599_0045_0025_0042_0042.jpg 1 45 25 42 42
1600_0026_0012_0062_0062.jpg 1 26 12 62 62
1601_0021_0006_0054_0054.jpg 1 21 6 54 54
1602_0031_0023_0034_0034.jpg 1 31 23 34 34
1603_0051_0012_0034_0034.jpg 1 51 12 34 34
1604_0029_0005_0067_0067.jpg 1 29 5 67 67
1605_0034_0032_0061_0061.jpg 1 34 32 61 61
1606_0014_0030_0054_0054.jpg 1 14 30 54 54
1607_0065_0016_0025_0025.jpg 1 65 16 25 25
1608_0016_0020_0055_0055.jpg 1 16 20 55 55
1609_0038_0009_0030_0030.jpg 1 38 9 30 30
1610_0012_0026_0036_0036.jpg 1 12 26 36 36
1611_0008_0030_0057_0057.jpg 1 8 30 57 57
1612_0011_0044_0047_0047.jpg 1 11 44 47 47
1613_0038_0036_0057_0057.jpg 1 38 36 57 57
1614_0046_0009_0042_0042.jpg 1 46 9 42 42
1615_0007_0025_0067_0067.jpg 1 7 25 67 67
1616_0049_0036_0032_0032.jpg 1 49 36 32 32
1617_0042_0010_0024_0024.jpg 1 42 10 24 24
1618_0057_0063_0024_0024.jpg 1 57 63 24 24
1619_0041_0008_0047_0047.jpg 1 41 8 47 47
1620_0038_0019_0024_0024.jpg 1 38 19 24 24
1621_0018_0026_0067_0067.jpg 1 18 26 67 67
1622_0039_0051_0026_0026.jpg 1 39 51 26 26
1623_0007_0027_0066_0066.jpg 1 7 27 66 66
1624_0011_0040_0042_0042.jpg 1 11 40 42 42
1625_0034_0025_0055_0055.jpg 1 34 25 55 55
1626_0033_0025_0041_0041.jpg 1 33 25 41 41
1627_0022_0014_0069_0069.jpg 1 22 14 69 69
1628_0019_0009_0050_0050.jpg 1 19 9 50 50
1629_0028_0035_0049_0049.jpg 1 28 35 49 49
1630_0039_0013_0048_0048.jpg 1 39 13 48 48
1631_0032_0041_0047_0047.jpg 1 32 41 47 47
1632_0013_0012_0048_0048.jpg 1 13 12 48 48
1633_0031_0052_0034_0034.jpg 1 31 52 34 34
1634_0008_0051_0026_0026.jpg 1 8 51 26 26
1635_0050_0043_0040_0040.jpg 1 50 43 40 40
1636_0023_0019_0028_0028.jpg 1 23 19 28 28
1637_0047_0038_0042_0042.jpg 1 47 38 42 42
1638_0019_0021_0060_0060.jpg 1 19 21 60 60
1639_0025_0020_0069_0069.jpg 1 25 20 69 69
1640_0040_0039_0053_0053.jpg 1 40 39 53 53
1641_0040_0025_0043_0043.jpg 1 40 25 43 43
1642_0021_0015_0064_0064.jpg 1 21 15 64 64
1643_0029_0010_0058_0058.jpg 1 29 10 58 58
1644_0037_0030_0049_0049.jpg 1 37 30 49 49
1645_0026_0051_0040_0040.jpg 1 26 51 40 40
1646_0027_0049_0037_0037.jpg 1 27 49 37 37
1647_0010_0029_0058_0058.jpg 1 10 29 58 58
1648_0021_0014_0032_0032.jpg 1 21 14 32 32
1649_0043_0032_0031_0031.jpg 1 43 32 31 31
1650_0014_0022_0061_0061.jpg 1 14 22 61 61
1651_0034_0020_0056_0056.jpg 1 34 20 56 56
1652_0011_0055_0029_0029.jpg 1 11 55 29 29
1653_0014_0012_0050_0050.jpg 1 14 12 50 50
1654_0007_0041_0029_0029.jpg 1 7 41 29 29
1655_0039_0015_0044_0044.jpg 1 39 15 44 44
1656_0009_0029_0027_0027.jpg 1 9 29 27 27
1657_0014_0027_0057_0057.jpg 1 14 27 57 57
1658_0047_0032_0046_0046.jpg 1 47 32 46 46
1659_0028_0010_0044_0044.jpg 1 28 10 44 44
1660_0047_0038_0043_0043.jpg 1 47 38 43 43
1661_0016_0006_0068_0068.jpg 1 16 6 68 68
1662_0014_0018_0066_0066.jpg 1 14 18 66 66
1663_0016_0013_0056_0056.jpg 1 16 13 56 56
1664_0039_0025_0051_0051.jpg 1 39 25 51 51
1665_0015_0021_0047_0047.jpg 1 15 21 47 47
1666_0028_0044_0046_0046.jpg 1 28 44 46 46
1667_0031_0021_0029_0029.jpg 1 31 21 29 29
1668_0016_0031_0045_0045.jpg 1 16 31 45 45
1669_0018_0034_0057_0057.jpg 1 18 34 57 57
1670_0036_0060_0024_0024.jpg 1 36 60 24 24
1671_0037_0012_0052_0052.jpg 1 37 12 52 52
1672_0034_0017_0024_0024.jpg 1 34 17 24 24
1673_0038_0031_0048_0048.jpg 1 38 31 48 48
1674_0044_0018_0026_0026.jpg 1 44 18 26 26
1675_0053_0053_0040_0040.jpg 1 53 53 40 40
1676_0015_0008_0051_0051.jpg 1 15 8 51 51
1677_0031_0034_0054_0054.jpg 1 31 34 54 54
1678_0019_0041_0051_0051.jpg 1 19 41 51 51
1679_0026_0047_0040_0040.jpg 1 26 47 40 40
1680_0029_0013_0062_0062.jpg 1 29 13 62 62
1681_0030_0054_0029_0029.jpg 1 30 54 29 29
1682_0013_0039_0055_0055.jpg 1 13 39 55 55
1683_0014_0048_0037_0037.jpg 1 14 48 37 37
1684_0056_0009_0027_0027.jpg 1 56 9 27 27
1685_0005_0030_0048_0048.jpg 1 5 30 48 48
1686_0026_0023_0059_0059.jpg 1 26 23 59 59
1687_0005_0019_0060_0060.jpg 1 5 19 60 60
1688_0008_0031_0059_0059.jpg 1 8 31 59 59
1689_0030_0041_0035_0035.jpg 1 30 41 35 35
1690_0060_0007_0026_0026.jpg 1 60 7 26 26
1691_0049_0047_0024_0024.jpg 1 49 47 24 24
1692_0046_0055_0034_0034.jpg 1 46 55 34 34
1693_0045_0018_0048_0048.jpg 1 45 18 48 48
1694_0014_0039_0047_0047.jpg 1 14 39 47 47
1695_0005_0020_0044_0044.jpg 1 5 20 44 44
1696_0009_0043_0051_0051.jpg 1 9 43 51 51
1697_0021_0032_0063_0063.jpg 1 21 32 63 63
1698_0013_0018_0067_0067.jpg 1 13 18 67 67
1699_0022_0007_0069_0069.jpg 1 22 7 69 69
1700_0032_0024_0028_0028.jpg 1 32 24 28 28
1701_0020_0021_0065_0065.jpg 1 20 21 65 65
1702_0007_0011_0040_0040.jpg 1 7 11 40 40
1703_0018_0039_0047_0047.jpg 1 18 39 47 47
1704_0004_0019_0062_0062.jpg 1 4 19 62 62
1705_0051_0057_0029_0029.jpg 1 51 57 29 29
1706_0025_0016_0042_0042.jpg 1 25 16 42 42
1707_0026_0047_0046_0046.jpg 1 26 47 46 46
1708_0039_0020_0046_0046.jpg 1 39 20 46 46
1709_0022_0059_0026_0026.jpg 1 22 59 26 26
1710_0011_0040_0053_0053.jpg 1 11 40 53 53
1711_0030_0044_0029_0029.jpg 1 30 44 29 29
1712_0035_0051_0034_0034.jpg 1 35 51 34 34
1713_0032_0009_0064_0064.jpg 1 32 9 64 64
1714_0017_0022_0068_0068.jpg 1 17 22 68 68
1715_0017_0019_0063_0063.jpg 1 17 19 63 63
1716_0058_0011_0034_0034.jpg 1 58 11 34 34
1717_0027_0009_0049_0049.jpg 1 27 9 49 49
1718_0016_0032_0033_0033.jpg 1 16 32 33 33
1719_0026_0025_0063_0063.jpg 1 26 25 63 63
1720_0028_0029_0063_0063.jpg 1 28 29 63 63
1721_0018_0011_0048_0048.jpg 1 18 11 48 48
1722_0017_0030_0053_0053.jpg 1 17 30 53 53
1723_0006_0013_0039_0039.jpg 1 6 13 39 39
1724_0018_0012_0068_0068.jpg 1 18 12 68 68
1725_0015_0027_0056_0056.jpg 1 15 27 56 56
1726_0039_0035_0052_0052.jpg 1 39 35 52 52
1727_0031_0012_0062_0062.jpg 1 31 12 62 62
1728_0052_0063_0026_0026.jpg 1 52 63 26 26
1729_0038_0015_0040_0040.jpg 1 38 15 40 40
1730_0053_0020_0035_0035.jpg 1 53 20 35 35
1731_0015_0012_0045_0045.jpg 1 15 12 45 45
1732_0023_0008_0052_0052.jpg 1 23 8 52 52
1733_0034_0026_0035_0035.jpg 1 34 26 35 35
1734_0035_0029_0029_0029.jpg 1 35 29 29 29
1735_0013_0051_0029_0029.jpg 1 13 51 29 29
1736_0018_0014_0061_0061.jpg 1 18 14 61 61
1737_0027_0004_0068_0068.jpg 1 27 4 68 68
1738_0009_0006_0067_0067.jpg 1 9 6 67 67
1739_0013_0015_0054_0054.jpg 1 13 15 54 54
1740_0021_0034_0057_0057.jpg 1 21 34 57 57
1741_0006_0020_0052_0052.jpg 1 6 20 52 52
1742_0040_0021_0054_0054.jpg 1 40 21 54 54
1743_0039_0033_0056_0056.jpg 1 39 33 56 56
1744_0033_0020_0057_0057.jpg 1 33 20 57 57
1745_0031_0031_0040_0040.jpg 1 31 31 40 40
1746_0053_0012_0035_0035.jpg 1 53 12 35 35
1747_0008_0013_0060_0060.jpg 1 8 13 60 60
1748_0024_0033_0048_0048.jpg 1 24 33 48 48
1749_0027_0039_0047_0047.jpg 1 27 39 47 47
1750_0012_0033_0028_0028.jpg 1 12 33 28 28
1751_0026_0034_0059_0059.jpg 1 26 34 59 59
1752_0025_0004_0066_0066.jpg 1 25 4 66 66
1753_0010_0015_0048_0048.jpg 1 10 15 48 48
1754_0011_0020_0069_0069.jpg 1 11 20 69 69
1755_0010_0015_0052_0052.jpg 1 10 15 52 52
1756_0008_0018_0057_0057.jpg 1 8 18 57 57
1757_0021_0021_0035_0035.jpg 1 21 21 35 35
1758_0041_0015_0039_0039.jpg 1 41 15 39 39
1759_0014_0018_0061_0061.jpg 1 14 18 61 61
1760_0004_0029_0066_0066.jpg 1 4 29 66 66
1761_0045_0032_0044_0044.jpg 1 45 32 44 44
1762_0048_0029_0028_0028.jpg 1 48 29 28 28
1763_0014_0018_0069_0069.jpg 1 14 18 69 69
1764_0031_0033_0027_0027.jpg 1 31 33 27 27
1765_0038_0042_0049_0049.jpg 1 38 42 49 49
1766_0055_0028_0026_0026.jpg 1 55 28 26 26
1767_0011_0017_0069_0069.jpg 1 11 17 69 69
1768_0045_0040_0032_0032.jpg 1 45 40 32 32
1769_0016_0031_0035_0035.jpg 1 16 31 35 35
1770_0040_0011_0031_0031.jpg 1 40 11 31 31
1771_0020_0047_0037_0037.jpg 1 20 47 37 37
1772_0031_0052_0036_0036.jpg 1 31 52 36 36
1773_0019_0007_0050_0050.jpg 1 19 7 50 50
1774_0041_0035_0052_0052.jpg 1 41 35 52 52
1775_0015_0006_0067_0067.jpg 1 15 6 67 67
1776_0008_0029_0055_0055.jpg 1 8 29 55 55
1777_0034_0047_0024_0024.jpg 1 34 47 24 24
1778_0033_0024_0055_0055.jpg 1 33 24 55 55
1779_0011_0029_0035_0035.jpg 1 11 29 35 35
1780_0018_0014_0042_0042.jpg 1 18 14 42 42
1781_0023_0009_0054_0054.jpg 1 23 9 54 54
1782_0010_0006_0066_0066.jpg 1 10 6 66 66
1783_0020_0024_0065_0065.jpg 1 20 24 65 65
1784_0020_0010_0063_0063.jpg 1 20 10 63 63
1785_0028_0053_0040_0040.jpg 1 28 53 40 40
1786_0018_0039_0051_0051.jpg 1 18 39 51 51
1787_0034_0052_0035_0035.jpg 1 34 52 35 35
1788_0016_0032_0048_0048.jpg 1 16 32 48 48
1789_0007_0021_0065_0065.jpg 1 7 21 65 65
1790_0030_0034_0056_0056.jpg 1 30 34 56 56
1791_0020_0023_0052_0052.jpg 1 20 23 52 52
1792_0030_0012_0059_0059.jpg 1 30 12 59 59
1793_0023_0014_0065_0065.jpg 1 23 14 65 65
1794_0015_0005_0066_0066.jpg 1 15 5 66 66
1795_0019_0028_0066_0066.jpg 1 19 28 66 66
1796_0054_0013_0034_0034.jpg 1 54 13 34 34
1797_0013_0025_0035_0035.jpg 1 13 25 35 35
1798_0012_0039_0042_0042.jpg 1 12 39 42 42
1799_0033_0034_0043_0043.jpg 1 33 34 43 43
1800_0029_0062_0024_0024.jpg 1 29 62 24 24
1801_0030_0049_0040_0040.jpg 1 30 49 40 40
1802_0012_0011_0052_0052.jpg 1 12 11 52 52
1803_0007_0003_0068_0068.jpg 1 7 3 68 68
1804_0037_0052_0038_0038.jpg 1 37 52 38 38
1805_0014_0027_0041_0041.jpg 1 14 27 41 41
1806_0025_0013_0048_0048.jpg 1 25 13 48 48
1807_0061_0015_0027_0027.jpg 1 61 15 27 27
1808_0045_0018_0024_0024.jpg 1 45 18 24 24
1809_0034_0026_0051_0051.jpg 1 34 26 51 51
1810_0029_0051_0033_0033.jpg 1 29 51 33 33
1811_0040_0011_0040_0040.jpg 1 40 11 40 40
1812_0014_0004_0067_0067.jpg 1 14 4 67 67
1813_0009_0063_0025_0025.jpg 1 9 63 25 25
1814_0019_0041_0050_0050.jpg 1 19 41 50 50
1815_0007_0016_0053_0053.jpg 1 7 16 53 53
1816_0023_0045_0048_0048.jpg 1 23 45 48 48
1817_0025_0023_0030_0030.jpg 1 25 23 30 30
1818_0027_0010_0059_0059.jpg 1 27 10 59 59
1819_0013_0019_0046_0046.jpg 1 13 19 46 46
1820_0033_0031_0058_0058.jpg 1 33 31 58 58
1821_0010_0007_0057_0057.jpg 1 10 7 57 57
1822_0011_0053_0037_0037.jpg 1 11 53 37 37
1823_0044_0037_0049_0049.jpg 1 44 37 49 49
1824_0013_0029_0064_0064.jpg 1 13 29 64 64
1825_0036_0034_0051_0051.jpg 1 36 34 51 51
1826_0054_0023_0030_0030.jpg 1 54 23 30 30
1827_0024_0020_0046_0046.jpg 1 24 20 46 46
1828_0014_0003_0069_0069.jpg 1 14 3 69 69
1829_0044_0014_0033_0033.jpg 1 44 14 33 33
1830_0022_0012_0040_0040.jpg 1 22 12 40 40
1831_0012_0031_0064_0064.jpg 1 12 31 64 64
1832_0020_0037_0049_0049.jpg 1 20 37 49 49
1833_0039_0029_0055_0055.jpg 1 39 29 55 55
1834_0005_0032_0054_0054.jpg 1 5 32 54 54
1835_0026_0025_0037_0037.jpg 1 26 25 37 37
1836_0017_0024_0068_0068.jpg 1 17 24 68 68
1837_0020_0011_0067_0067.jpg 1 20 11 67 67
1838_0011_0010_0051_0051.jpg 1 11 10 51 51
1839_0023_0027_0052_0052.jpg 1 23 27 52 52
1840_0012_0020_0058_0058.jpg 1 12 20 58 58
1841_0031_0041_0041_0041.jpg 1 31 41 41 41
1842_0030_0021_0029_0029.jpg 1 30 21 29 29
1843_0012_0011_0060_0060.jpg 1 12 11 60 60
1844_0024_0009_0061_0061.jpg 1 24 9 61 61
1845_0033_0013_0047_0047.jpg 1 33 13 47 47
1846_0011_0010_0052_0052.jpg 1 11 10 52 52
1847_0014_0025_0066_0066.jpg 1 14 25 66 66
1848_0026_0020_0029_0029.jpg 1 26 20 29 29
1849_0025_0009_0069_0069.jpg 1 25 9 69 69
1850_0027_0011_0064_0064.jpg 1 27 11 64 64
1851_0018_0058_0028_0028.jpg 1 18 58 28 28
1852_0012_0028_0067_0067.jpg 1 12 28 67 67
1853_0008_0027_0038_0038.jpg 1 8 27 38 38
1854_0048_0017_0036_0036.jpg 1 48 17 36 36
1855_0026_0030_0054_0054.jpg 1 26 30 54 54
1856_0030_0044_0045_0045.jpg 1 30 44 45 45
1857_0027_0003_0068_0068.jpg 1 27 3 68 68
1858_0040_0033_0051_0051.jpg 1 40 33 51 51
1859_0015_0039_0044_0044.jpg 1 15 39 44 44
1860_0006_0042_0044_0044.jpg 1 6 42 44 44
1861_0006_0048_0045_0045.jpg 1 6 48 45 45
1862_0022_0037_0058_0058.jpg 1 22 37 58 58
1863_0025_0025_0059_0059.jpg 1 25 25 59 59
1864_0021_0006_0059_0059.jpg 1 21 6 59 59
1865_0006_0006_0063_0063.jpg 1 6 6 63 63
1866_0033_0046_0039_0039.jpg 1 33 46 39 39
1867_0018_0009_0062_0062.jpg 1 18 9 62 62
1868_0020_0023_0028_0028.jpg 1 20 23 28 28
1869_0039_0030_0044_0044.jpg 1 39 30 44 44
1870_0010_0026_0057_0057.jpg 1 10 26 57 57
1871_0011_0014_0064_0064.jpg 1 11 14 64 64
1872_0049_0053_0033_0033.jpg 1 49 53 33 33
1873_0008_0017_0053_0053.jpg 1 8 17 53 53
1874_0015_0032_0051_0051.jpg 1 15 32 51 51
1875_0039_0037_0038_0038.jpg 1 39 37 38 38
1876_0020_0025_0047_0047.jpg 1 20 25 47 47
1877_0025_0033_0061_0061.jpg 1 25 33 61 61
1878_0036_0054_0028_0028.jpg 1 36 54 28 28
1879_0033_0015_0040_0040.jpg 1 33 15 40 40
1880_0027_0035_0048_0048.jpg 1 27 35 48 48
1881_0007_0030_0049_0049.jpg 1 7 30 49 49
1882_0043_0028_0032_0032.jpg 1 43 28 32 32
1883_0008_0035_0040_0040.jpg 1 8 35 40 40
1884_0045_0015_0047_0047.jpg 1 45 15 47 47
1885_0014_0026_0055_0055.jpg 1 14 26 55 55
1886_0050_0015_0032_0032.jpg 1 50 15 32 32
1887_0031_0014_0065_0065.jpg 1 31 14 65 65
1888_0029_0021_0050_0050.jpg 1 29 21 50 50
1889_0020_0025_0033_0033.jpg 1 20 25 33 33
1890_0007_0038_0052_0052.jpg 1 7 38 52 52
1891_0044_0055_0027_0027.jpg 1 44 55 27 27
1892_0054_0020_0033_0033.jpg 1 54 20 33 33
1893_0021_0037_0048_0048.jpg 1 21 37 48 48
1894_0004_0023_0061_0061.jpg 1 4 23 61 61
1895_0053_0021_0030_0030.jpg 1 53 21 30 30
1896_0041_0010_0052_0052.jpg 1 41 10 52 52
1897_0042_0043_0033_0033.jpg 1 42 43 33 33
1898_0026_0034_0033_0033.jpg 1 26 34 33 33
1899_0030_0039_0045_0045.jpg 1 30 39 45 45
1900_0036_0008_0049_0049.jpg 1 36 8 49 49
1901_0019_0033_0061_0061.jpg 1 19 33 61 61
1902_0019_0017_0060_0060.jpg 1 19 17 60 60
1903_0044_0048_0037_0037.jpg 1 44 48 37 37
1904_0033_0020_0053_0053.jpg 1 33 20 53 53
1905_0049_0053_0033_0033.jpg 1 49 53 33 33
1906_0031_0019_0063_0063.jpg 1 31 19 63 63
1907_0041_0033_0036_0036.jpg 1 41 33 36 36
1908_0027_0011_0042_0042.jpg 1 27 11 42 42
1909_0003_0010_0068_0068.jpg 1 3 10 68 68
1910_0027_0011_0069_0069.jpg 1 27 11 69 69
1911_0033_0010_0044_0044.jpg 1 33 10 44 44
1912_0023_0045_0040_0040.jpg 1 23 45 40 40
1913_0023_0035_0032_0032.jpg 1 23 35 32 32
1914_0055_0045_0037_0037.jpg 1 55 45 37 37
1915_0014_0020_0049_0049.jpg 1 14 20 49 49
1916_0045_0031_0036_0036.jpg 1 45 31 36 36
1917_0023_0046_0031_0031.jpg 1 23 46 31 31
1918_0008_0029_0065_0065.jpg 1 8 29 65 65
1919_0038_0006_0057_0057.jpg 1 38 6 57 57
1920_0034_0005_0054_0054.jpg 1 34 5 54 54
1921_0060_0026_0031_0031.jpg 1 60 26 31 31
1922_0039_0026_0034_0034.jpg 1 39 26 34 34
1923_0063_0021_0024_0024.jpg 1 63 21 24 24
1924_0029_0005_0050_0050.jpg 1 29 5 50 50
1925_0040_0012_0035_0035.jpg 1 40 12 35 35
1926_0007_0037_0056_0056.jpg 1 7 37 56 56
1927_0024_0010_0048_0048.jpg 1 24 10 48 48
1928_0033_0059_0026_0026.jpg 1 33 59 26 26
1929_0030_0024_0062_0062.jpg 1 30 24 62 62
1930_0010_0015_0034_0034.jpg 1 10 15 34 34
1931_0048_0032_0042_0042.jpg 1 48 32 42 42
1932_0016_0004_0062_0062.jpg 1 16 4 62 62
1933_0027_0029_0048_0048.jpg 1 27 29 48 48
1934_0025_0036_0050_0050.jpg 1 25 36 50 50
1935_0020_0011_0067_0067.jpg 1 20 11 67 67
1936_0020_0014_0064_0064.jpg 1 20 14 64 64
1937_0006_0018_0046_0046.jpg 1 6 18 46 46
1938_0031_0006_0037_0037.jpg 1 31 6 37 37
1939_0056_0008_0035_0035.jpg 1 56 8 35 35
1940_0032_0039_0052_0052.jpg 1 32 39 52 52
1941_0048_0033_0035_0035.jpg 1 48 33 35 35
1942_0037_0021_0035_0035.jpg 1 37 21 35 35
1943_0035_0048_0043_0043.jpg 1 35 48 43 43
1944_0031_0027_0064_0064.jpg 1 31 27 64 64
1945_0028_0066_0025_0025.jpg 1 28 66 25 25
1946_0040_0020_0050_0050.jpg 1 40 20 50 50
1947_0008_0017_0064_0064.jpg 1 8 17 64 64
1948_0032_0041_0043_0043.jpg 1 32 41 43 43
1949_0009_0005_0063_0063.jpg 1 9 5 63 63
1950_0051_0057_0031_0031.jpg 1 51 57 31 31
